[0.008s][info][gc,init] CardTable entry size: 512
[0.009s][info][gc     ] Using G1
[0.026s][info][gc,init] Version: 21.0.2+13-58 (release)
[0.026s][info][gc,init] CPUs: 16 total, 16 available
[0.026s][info][gc,init] Memory: 32555M
[0.026s][info][gc,init] Large Page Support: Disabled
[0.026s][info][gc,init] NUMA Support: Disabled
[0.026s][info][gc,init] Compressed Oops: Enabled (Zero based)
[0.026s][info][gc,init] Heap Region Size: 4M
[0.026s][info][gc,init] Heap Min Capacity: 7G
[0.026s][info][gc,init] Heap Initial Capacity: 7G
[0.026s][info][gc,init] Heap Max Capacity: 7G
[0.026s][info][gc,init] Pre-touch: Disabled
[0.026s][info][gc,init] Parallel Workers: 13
[0.026s][info][gc,init] Concurrent Workers: 3
[0.026s][info][gc,init] Concurrent Refinement Workers: 13
[0.027s][info][gc,init] Periodic GC: Disabled
[0.034s][info][gc,metaspace] CDS archive(s) mapped at: [0x0000027207000000-0x0000027207c90000-0x0000027207c90000), size 13172736, SharedBaseAddress: 0x0000027207000000, ArchiveRelocationMode: 1.
[0.034s][info][gc,metaspace] Compressed class space mapped at: 0x0000027208000000-0x0000027248000000, reserved size: 1073741824
[0.034s][info][gc,metaspace] Naarrow klass base: 0x0000027207000000, Narrow klass shift: 0, Narrow klass range: 0x100000000
[3.521s][info][gc,start    ] GC(0) Pause Young (Normal) (G1 Evacuation Pause)
[3.522s][info][gc,task     ] GC(0) Using 13 workers of 13 for evacuation
[3.533s][info][gc,phases   ] GC(0)   Pre Evacuate Collection Set: 0.2ms
[3.533s][info][gc,phases   ] GC(0)   Merge Heap Roots: 0.1ms
[3.533s][info][gc,phases   ] GC(0)   Evacuate Collection Set: 10.1ms
[3.533s][info][gc,phases   ] GC(0)   Post Evacuate Collection Set: 0.5ms
[3.533s][info][gc,phases   ] GC(0)   Other: 0.3ms
[3.533s][info][gc,heap     ] GC(0) Eden regions: 89->0(77)
[3.533s][info][gc,heap     ] GC(0) Survivor regions: 0->12(12)
[3.533s][info][gc,heap     ] GC(0) Old regions: 0->5
[3.533s][info][gc,heap     ] GC(0) Humongous regions: 0->0
[3.533s][info][gc,metaspace] GC(0) Metaspace: 7700K(8000K)->7700K(8000K) NonClass: 6890K(7040K)->6890K(7040K) Class: 810K(960K)->810K(960K)
[3.533s][info][gc          ] GC(0) Pause Young (Normal) (G1 Evacuation Pause) 356M->66M(7168M) 11.553ms
[3.533s][info][gc,cpu      ] GC(0) User=0.03s Sys=0.09s Real=0.01s
[3.666s][info][gc,start    ] GC(1) Pause Young (Normal) (G1 Evacuation Pause)
[3.666s][info][gc,task     ] GC(1) Using 13 workers of 13 for evacuation
[3.679s][info][gc,phases   ] GC(1)   Pre Evacuate Collection Set: 0.2ms
[3.679s][info][gc,phases   ] GC(1)   Merge Heap Roots: 0.0ms
[3.679s][info][gc,phases   ] GC(1)   Evacuate Collection Set: 12.3ms
[3.679s][info][gc,phases   ] GC(1)   Post Evacuate Collection Set: 0.6ms
[3.679s][info][gc,phases   ] GC(1)   Other: 0.0ms
[3.679s][info][gc,heap     ] GC(1) Eden regions: 77->0(77)
[3.679s][info][gc,heap     ] GC(1) Survivor regions: 12->12(12)
[3.680s][info][gc,heap     ] GC(1) Old regions: 5->20
[3.680s][info][gc,heap     ] GC(1) Humongous regions: 0->0
[3.680s][info][gc,metaspace] GC(1) Metaspace: 7704K(8000K)->7704K(8000K) NonClass: 6893K(7040K)->6893K(7040K) Class: 810K(960K)->810K(960K)
[3.680s][info][gc          ] GC(1) Pause Young (Normal) (G1 Evacuation Pause) 374M->127M(7168M) 13.421ms
[3.680s][info][gc,cpu      ] GC(1) User=0.03s Sys=0.08s Real=0.01s
[3.809s][info][gc,start    ] GC(2) Pause Young (Normal) (G1 Evacuation Pause)
[3.810s][info][gc,task     ] GC(2) Using 13 workers of 13 for evacuation
[3.823s][info][gc,phases   ] GC(2)   Pre Evacuate Collection Set: 0.2ms
[3.823s][info][gc,phases   ] GC(2)   Merge Heap Roots: 0.1ms
[3.823s][info][gc,phases   ] GC(2)   Evacuate Collection Set: 12.4ms
[3.823s][info][gc,phases   ] GC(2)   Post Evacuate Collection Set: 0.4ms
[3.823s][info][gc,phases   ] GC(2)   Other: 0.0ms
[3.823s][info][gc,heap     ] GC(2) Eden regions: 77->0(77)
[3.823s][info][gc,heap     ] GC(2) Survivor regions: 12->12(12)
[3.823s][info][gc,heap     ] GC(2) Old regions: 20->36
[3.823s][info][gc,heap     ] GC(2) Humongous regions: 0->0
[3.823s][info][gc,metaspace] GC(2) Metaspace: 7704K(8000K)->7704K(8000K) NonClass: 6893K(7040K)->6893K(7040K) Class: 810K(960K)->810K(960K)
[3.823s][info][gc          ] GC(2) Pause Young (Normal) (G1 Evacuation Pause) 435M->190M(7168M) 13.348ms
[3.823s][info][gc,cpu      ] GC(2) User=0.06s Sys=0.02s Real=0.01s
[3.948s][info][gc,start    ] GC(3) Pause Young (Normal) (G1 Evacuation Pause)
[3.948s][info][gc,task     ] GC(3) Using 13 workers of 13 for evacuation
[3.960s][info][gc,phases   ] GC(3)   Pre Evacuate Collection Set: 0.3ms
[3.960s][info][gc,phases   ] GC(3)   Merge Heap Roots: 0.1ms
[3.960s][info][gc,phases   ] GC(3)   Evacuate Collection Set: 11.4ms
[3.960s][info][gc,phases   ] GC(3)   Post Evacuate Collection Set: 0.3ms
[3.960s][info][gc,phases   ] GC(3)   Other: 0.1ms
[3.960s][info][gc,heap     ] GC(3) Eden regions: 77->0(77)
[3.961s][info][gc,heap     ] GC(3) Survivor regions: 12->12(12)
[3.961s][info][gc,heap     ] GC(3) Old regions: 36->52
[3.961s][info][gc,heap     ] GC(3) Humongous regions: 0->0
[3.961s][info][gc,metaspace] GC(3) Metaspace: 7704K(8000K)->7704K(8000K) NonClass: 6893K(7040K)->6893K(7040K) Class: 810K(960K)->810K(960K)
[3.961s][info][gc          ] GC(3) Pause Young (Normal) (G1 Evacuation Pause) 498M->252M(7168M) 12.227ms
[3.961s][info][gc,cpu      ] GC(3) User=0.08s Sys=0.02s Real=0.01s
[4.089s][info][gc,start    ] GC(4) Pause Young (Normal) (G1 Evacuation Pause)
[4.089s][info][gc,task     ] GC(4) Using 13 workers of 13 for evacuation
[4.101s][info][gc,phases   ] GC(4)   Pre Evacuate Collection Set: 0.2ms
[4.101s][info][gc,phases   ] GC(4)   Merge Heap Roots: 0.1ms
[4.101s][info][gc,phases   ] GC(4)   Evacuate Collection Set: 11.8ms
[4.101s][info][gc,phases   ] GC(4)   Post Evacuate Collection Set: 0.5ms
[4.101s][info][gc,phases   ] GC(4)   Other: 0.1ms
[4.101s][info][gc,heap     ] GC(4) Eden regions: 77->0(77)
[4.101s][info][gc,heap     ] GC(4) Survivor regions: 12->12(12)
[4.101s][info][gc,heap     ] GC(4) Old regions: 52->67
[4.101s][info][gc,heap     ] GC(4) Humongous regions: 0->0
[4.101s][info][gc,metaspace] GC(4) Metaspace: 7715K(8064K)->7715K(8064K) NonClass: 6905K(7104K)->6905K(7104K) Class: 810K(960K)->810K(960K)
[4.101s][info][gc          ] GC(4) Pause Young (Normal) (G1 Evacuation Pause) 560M->314M(7168M) 12.836ms
[4.101s][info][gc,cpu      ] GC(4) User=0.02s Sys=0.08s Real=0.01s
[4.222s][info][gc,start    ] GC(5) Pause Young (Normal) (G1 Evacuation Pause)
[4.222s][info][gc,task     ] GC(5) Using 13 workers of 13 for evacuation
[4.235s][info][gc,phases   ] GC(5)   Pre Evacuate Collection Set: 0.2ms
[4.235s][info][gc,phases   ] GC(5)   Merge Heap Roots: 0.0ms
[4.235s][info][gc,phases   ] GC(5)   Evacuate Collection Set: 11.9ms
[4.235s][info][gc,phases   ] GC(5)   Post Evacuate Collection Set: 0.3ms
[4.235s][info][gc,phases   ] GC(5)   Other: 0.1ms
[4.235s][info][gc,heap     ] GC(5) Eden regions: 77->0(77)
[4.235s][info][gc,heap     ] GC(5) Survivor regions: 12->12(12)
[4.235s][info][gc,heap     ] GC(5) Old regions: 67->82
[4.235s][info][gc,heap     ] GC(5) Humongous regions: 0->0
[4.235s][info][gc,metaspace] GC(5) Metaspace: 7715K(8064K)->7715K(8064K) NonClass: 6905K(7104K)->6905K(7104K) Class: 810K(960K)->810K(960K)
[4.235s][info][gc          ] GC(5) Pause Young (Normal) (G1 Evacuation Pause) 622M->375M(7168M) 12.864ms
[4.235s][info][gc,cpu      ] GC(5) User=0.05s Sys=0.02s Real=0.01s
[4.360s][info][gc,start    ] GC(6) Pause Young (Normal) (G1 Evacuation Pause)
[4.360s][info][gc,task     ] GC(6) Using 13 workers of 13 for evacuation
[4.374s][info][gc,phases   ] GC(6)   Pre Evacuate Collection Set: 0.2ms
[4.374s][info][gc,phases   ] GC(6)   Merge Heap Roots: 0.1ms
[4.374s][info][gc,phases   ] GC(6)   Evacuate Collection Set: 13.2ms
[4.374s][info][gc,phases   ] GC(6)   Post Evacuate Collection Set: 0.5ms
[4.374s][info][gc,phases   ] GC(6)   Other: 0.1ms
[4.374s][info][gc,heap     ] GC(6) Eden regions: 77->0(77)
[4.374s][info][gc,heap     ] GC(6) Survivor regions: 12->12(12)
[4.374s][info][gc,heap     ] GC(6) Old regions: 82->98
[4.374s][info][gc,heap     ] GC(6) Humongous regions: 0->0
[4.374s][info][gc,metaspace] GC(6) Metaspace: 7715K(8064K)->7715K(8064K) NonClass: 6905K(7104K)->6905K(7104K) Class: 810K(960K)->810K(960K)
[4.374s][info][gc          ] GC(6) Pause Young (Normal) (G1 Evacuation Pause) 683M->436M(7168M) 14.207ms
[4.374s][info][gc,cpu      ] GC(6) User=0.02s Sys=0.03s Real=0.01s
[4.501s][info][gc,start    ] GC(7) Pause Young (Normal) (G1 Evacuation Pause)
[4.501s][info][gc,task     ] GC(7) Using 13 workers of 13 for evacuation
[4.515s][info][gc,phases   ] GC(7)   Pre Evacuate Collection Set: 0.2ms
[4.515s][info][gc,phases   ] GC(7)   Merge Heap Roots: 0.0ms
[4.515s][info][gc,phases   ] GC(7)   Evacuate Collection Set: 13.2ms
[4.515s][info][gc,phases   ] GC(7)   Post Evacuate Collection Set: 0.5ms
[4.515s][info][gc,phases   ] GC(7)   Other: 0.0ms
[4.515s][info][gc,heap     ] GC(7) Eden regions: 77->0(77)
[4.515s][info][gc,heap     ] GC(7) Survivor regions: 12->12(12)
[4.515s][info][gc,heap     ] GC(7) Old regions: 98->113
[4.515s][info][gc,heap     ] GC(7) Humongous regions: 0->0
[4.515s][info][gc,metaspace] GC(7) Metaspace: 7715K(8064K)->7715K(8064K) NonClass: 6905K(7104K)->6905K(7104K) Class: 810K(960K)->810K(960K)
[4.515s][info][gc          ] GC(7) Pause Young (Normal) (G1 Evacuation Pause) 744M->499M(7168M) 14.150ms
[4.515s][info][gc,cpu      ] GC(7) User=0.03s Sys=0.06s Real=0.01s
[4.642s][info][gc,start    ] GC(8) Pause Young (Normal) (G1 Evacuation Pause)
[4.642s][info][gc,task     ] GC(8) Using 13 workers of 13 for evacuation
[4.656s][info][gc,phases   ] GC(8)   Pre Evacuate Collection Set: 0.2ms
[4.656s][info][gc,phases   ] GC(8)   Merge Heap Roots: 0.0ms
[4.656s][info][gc,phases   ] GC(8)   Evacuate Collection Set: 13.2ms
[4.656s][info][gc,phases   ] GC(8)   Post Evacuate Collection Set: 0.3ms
[4.656s][info][gc,phases   ] GC(8)   Other: 0.1ms
[4.656s][info][gc,heap     ] GC(8) Eden regions: 77->0(77)
[4.656s][info][gc,heap     ] GC(8) Survivor regions: 12->12(12)
[4.656s][info][gc,heap     ] GC(8) Old regions: 113->129
[4.656s][info][gc,heap     ] GC(8) Humongous regions: 0->0
[4.656s][info][gc,metaspace] GC(8) Metaspace: 7715K(8064K)->7715K(8064K) NonClass: 6905K(7104K)->6905K(7104K) Class: 810K(960K)->810K(960K)
[4.656s][info][gc          ] GC(8) Pause Young (Normal) (G1 Evacuation Pause) 807M->562M(7168M) 14.026ms
[4.656s][info][gc,cpu      ] GC(8) User=0.06s Sys=0.08s Real=0.01s
[4.783s][info][gc,start    ] GC(9) Pause Young (Normal) (G1 Evacuation Pause)
[4.783s][info][gc,task     ] GC(9) Using 13 workers of 13 for evacuation
[4.796s][info][gc,phases   ] GC(9)   Pre Evacuate Collection Set: 0.2ms
[4.796s][info][gc,phases   ] GC(9)   Merge Heap Roots: 0.0ms
[4.796s][info][gc,phases   ] GC(9)   Evacuate Collection Set: 12.4ms
[4.796s][info][gc,phases   ] GC(9)   Post Evacuate Collection Set: 0.3ms
[4.796s][info][gc,phases   ] GC(9)   Other: 0.1ms
[4.796s][info][gc,heap     ] GC(9) Eden regions: 77->0(77)
[4.796s][info][gc,heap     ] GC(9) Survivor regions: 12->12(12)
[4.796s][info][gc,heap     ] GC(9) Old regions: 129->144
[4.796s][info][gc,heap     ] GC(9) Humongous regions: 0->0
[4.796s][info][gc,metaspace] GC(9) Metaspace: 7715K(8064K)->7715K(8064K) NonClass: 6905K(7104K)->6905K(7104K) Class: 810K(960K)->810K(960K)
[4.796s][info][gc          ] GC(9) Pause Young (Normal) (G1 Evacuation Pause) 870M->623M(7168M) 13.185ms
[4.796s][info][gc,cpu      ] GC(9) User=0.00s Sys=0.02s Real=0.01s
[4.930s][info][gc,start    ] GC(10) Pause Young (Normal) (G1 Evacuation Pause)
[4.930s][info][gc,task     ] GC(10) Using 13 workers of 13 for evacuation
[4.943s][info][gc,phases   ] GC(10)   Pre Evacuate Collection Set: 0.2ms
[4.943s][info][gc,phases   ] GC(10)   Merge Heap Roots: 0.1ms
[4.943s][info][gc,phases   ] GC(10)   Evacuate Collection Set: 12.5ms
[4.943s][info][gc,phases   ] GC(10)   Post Evacuate Collection Set: 0.3ms
[4.943s][info][gc,phases   ] GC(10)   Other: 0.1ms
[4.943s][info][gc,heap     ] GC(10) Eden regions: 77->0(77)
[4.943s][info][gc,heap     ] GC(10) Survivor regions: 12->12(12)
[4.943s][info][gc,heap     ] GC(10) Old regions: 144->160
[4.943s][info][gc,heap     ] GC(10) Humongous regions: 0->0
[4.943s][info][gc,metaspace] GC(10) Metaspace: 7715K(8064K)->7715K(8064K) NonClass: 6905K(7104K)->6905K(7104K) Class: 810K(960K)->810K(960K)
[4.943s][info][gc          ] GC(10) Pause Young (Normal) (G1 Evacuation Pause) 931M->684M(7168M) 13.319ms
[4.943s][info][gc,cpu      ] GC(10) User=0.02s Sys=0.05s Real=0.01s
[5.069s][info][gc,start    ] GC(11) Pause Young (Normal) (G1 Evacuation Pause)
[5.069s][info][gc,task     ] GC(11) Using 13 workers of 13 for evacuation
[5.082s][info][gc,phases   ] GC(11)   Pre Evacuate Collection Set: 0.3ms
[5.082s][info][gc,phases   ] GC(11)   Merge Heap Roots: 0.1ms
[5.082s][info][gc,phases   ] GC(11)   Evacuate Collection Set: 12.7ms
[5.082s][info][gc,phases   ] GC(11)   Post Evacuate Collection Set: 0.4ms
[5.082s][info][gc,phases   ] GC(11)   Other: 0.0ms
[5.082s][info][gc,heap     ] GC(11) Eden regions: 77->0(101)
[5.082s][info][gc,heap     ] GC(11) Survivor regions: 12->12(12)
[5.082s][info][gc,heap     ] GC(11) Old regions: 160->175
[5.082s][info][gc,heap     ] GC(11) Humongous regions: 0->0
[5.082s][info][gc,metaspace] GC(11) Metaspace: 7727K(8064K)->7727K(8064K) NonClass: 6916K(7104K)->6916K(7104K) Class: 810K(960K)->810K(960K)
[5.082s][info][gc          ] GC(11) Pause Young (Normal) (G1 Evacuation Pause) 992M->747M(7168M) 13.563ms
[5.082s][info][gc,cpu      ] GC(11) User=0.03s Sys=0.05s Real=0.01s
[5.259s][info][gc,start    ] GC(12) Pause Young (Normal) (G1 Evacuation Pause)
[5.259s][info][gc,task     ] GC(12) Using 13 workers of 13 for evacuation
[5.280s][info][gc,phases   ] GC(12)   Pre Evacuate Collection Set: 0.2ms
[5.280s][info][gc,phases   ] GC(12)   Merge Heap Roots: 0.1ms
[5.280s][info][gc,phases   ] GC(12)   Evacuate Collection Set: 20.4ms
[5.280s][info][gc,phases   ] GC(12)   Post Evacuate Collection Set: 0.4ms
[5.280s][info][gc,phases   ] GC(12)   Other: 0.1ms
[5.280s][info][gc,heap     ] GC(12) Eden regions: 101->0(122)
[5.280s][info][gc,heap     ] GC(12) Survivor regions: 12->15(15)
[5.280s][info][gc,heap     ] GC(12) Old regions: 175->193
[5.280s][info][gc,heap     ] GC(12) Humongous regions: 0->0
[5.280s][info][gc,metaspace] GC(12) Metaspace: 7727K(8064K)->7727K(8064K) NonClass: 6916K(7104K)->6916K(7104K) Class: 810K(960K)->810K(960K)
[5.280s][info][gc          ] GC(12) Pause Young (Normal) (G1 Evacuation Pause) 1151M->828M(7168M) 21.349ms
[5.280s][info][gc,cpu      ] GC(12) User=0.06s Sys=0.08s Real=0.02s
[5.492s][info][gc,start    ] GC(13) Pause Young (Normal) (G1 Evacuation Pause)
[5.492s][info][gc,task     ] GC(13) Using 13 workers of 13 for evacuation
[5.517s][info][gc,phases   ] GC(13)   Pre Evacuate Collection Set: 0.2ms
[5.517s][info][gc,phases   ] GC(13)   Merge Heap Roots: 0.1ms
[5.517s][info][gc,phases   ] GC(13)   Evacuate Collection Set: 24.3ms
[5.517s][info][gc,phases   ] GC(13)   Post Evacuate Collection Set: 0.4ms
[5.517s][info][gc,phases   ] GC(13)   Other: 0.1ms
[5.517s][info][gc,heap     ] GC(13) Eden regions: 122->0(119)
[5.517s][info][gc,heap     ] GC(13) Survivor regions: 15->18(18)
[5.517s][info][gc,heap     ] GC(13) Old regions: 193->214
[5.517s][info][gc,heap     ] GC(13) Humongous regions: 0->0
[5.517s][info][gc,metaspace] GC(13) Metaspace: 7728K(8064K)->7728K(8064K) NonClass: 6917K(7104K)->6917K(7104K) Class: 810K(960K)->810K(960K)
[5.517s][info][gc          ] GC(13) Pause Young (Normal) (G1 Evacuation Pause) 1316M->924M(7168M) 25.219ms
[5.517s][info][gc,cpu      ] GC(13) User=0.17s Sys=0.20s Real=0.03s
[5.720s][info][gc,start    ] GC(14) Pause Young (Normal) (G1 Evacuation Pause)
[5.720s][info][gc,task     ] GC(14) Using 13 workers of 13 for evacuation
[5.741s][info][gc,phases   ] GC(14)   Pre Evacuate Collection Set: 0.2ms
[5.741s][info][gc,phases   ] GC(14)   Merge Heap Roots: 0.1ms
[5.741s][info][gc,phases   ] GC(14)   Evacuate Collection Set: 20.1ms
[5.741s][info][gc,phases   ] GC(14)   Post Evacuate Collection Set: 0.6ms
[5.741s][info][gc,phases   ] GC(14)   Other: 0.1ms
[5.741s][info][gc,heap     ] GC(14) Eden regions: 119->0(137)
[5.742s][info][gc,heap     ] GC(14) Survivor regions: 18->18(18)
[5.742s][info][gc,heap     ] GC(14) Old regions: 214->238
[5.742s][info][gc,heap     ] GC(14) Humongous regions: 0->0
[5.742s][info][gc,metaspace] GC(14) Metaspace: 7728K(8064K)->7728K(8064K) NonClass: 6917K(7104K)->6917K(7104K) Class: 810K(960K)->810K(960K)
[5.742s][info][gc          ] GC(14) Pause Young (Normal) (G1 Evacuation Pause) 1400M->1023M(7168M) 21.281ms
[5.742s][info][gc,cpu      ] GC(14) User=0.03s Sys=0.08s Real=0.02s
[5.981s][info][gc,start    ] GC(15) Pause Young (Normal) (G1 Evacuation Pause)
[5.982s][info][gc,task     ] GC(15) Using 13 workers of 13 for evacuation
[6.009s][info][gc,phases   ] GC(15)   Pre Evacuate Collection Set: 0.2ms
[6.009s][info][gc,phases   ] GC(15)   Merge Heap Roots: 0.1ms
[6.009s][info][gc,phases   ] GC(15)   Evacuate Collection Set: 26.9ms
[6.009s][info][gc,phases   ] GC(15)   Post Evacuate Collection Set: 0.5ms
[6.009s][info][gc,phases   ] GC(15)   Other: 0.1ms
[6.009s][info][gc,heap     ] GC(15) Eden regions: 137->0(151)
[6.009s][info][gc,heap     ] GC(15) Survivor regions: 18->20(20)
[6.009s][info][gc,heap     ] GC(15) Old regions: 238->264
[6.009s][info][gc,heap     ] GC(15) Humongous regions: 0->0
[6.009s][info][gc,metaspace] GC(15) Metaspace: 7728K(8064K)->7728K(8064K) NonClass: 6917K(7104K)->6917K(7104K) Class: 810K(960K)->810K(960K)
[6.009s][info][gc          ] GC(15) Pause Young (Normal) (G1 Evacuation Pause) 1571M->1134M(7168M) 27.921ms
[6.009s][info][gc,cpu      ] GC(15) User=0.12s Sys=0.19s Real=0.03s
[6.254s][info][gc,start    ] GC(16) Pause Young (Normal) (G1 Evacuation Pause)
[6.254s][info][gc,task     ] GC(16) Using 13 workers of 13 for evacuation
[6.285s][info][gc,phases   ] GC(16)   Pre Evacuate Collection Set: 0.3ms
[6.285s][info][gc,phases   ] GC(16)   Merge Heap Roots: 0.1ms
[6.285s][info][gc,phases   ] GC(16)   Evacuate Collection Set: 29.4ms
[6.285s][info][gc,phases   ] GC(16)   Post Evacuate Collection Set: 0.8ms
[6.285s][info][gc,phases   ] GC(16)   Other: 0.1ms
[6.285s][info][gc,heap     ] GC(16) Eden regions: 151->0(175)
[6.285s][info][gc,heap     ] GC(16) Survivor regions: 20->22(22)
[6.285s][info][gc,heap     ] GC(16) Old regions: 264->293
[6.285s][info][gc,heap     ] GC(16) Humongous regions: 0->0
[6.285s][info][gc,metaspace] GC(16) Metaspace: 7733K(8064K)->7733K(8064K) NonClass: 6922K(7104K)->6922K(7104K) Class: 810K(960K)->810K(960K)
[6.285s][info][gc          ] GC(16) Pause Young (Normal) (G1 Evacuation Pause) 1738M->1256M(7168M) 30.768ms
[6.285s][info][gc,cpu      ] GC(16) User=0.14s Sys=0.16s Real=0.03s
[6.565s][info][gc,start    ] GC(17) Pause Young (Normal) (G1 Evacuation Pause)
[6.565s][info][gc,task     ] GC(17) Using 13 workers of 13 for evacuation
[6.598s][info][gc,phases   ] GC(17)   Pre Evacuate Collection Set: 0.2ms
[6.598s][info][gc,phases   ] GC(17)   Merge Heap Roots: 0.1ms
[6.598s][info][gc,phases   ] GC(17)   Evacuate Collection Set: 31.9ms
[6.598s][info][gc,phases   ] GC(17)   Post Evacuate Collection Set: 0.4ms
[6.598s][info][gc,phases   ] GC(17)   Other: 0.1ms
[6.598s][info][gc,heap     ] GC(17) Eden regions: 175->0(214)
[6.598s][info][gc,heap     ] GC(17) Survivor regions: 22->25(25)
[6.598s][info][gc,heap     ] GC(17) Old regions: 293->325
[6.598s][info][gc,heap     ] GC(17) Humongous regions: 0->0
[6.598s][info][gc,metaspace] GC(17) Metaspace: 7733K(8064K)->7733K(8064K) NonClass: 6922K(7104K)->6922K(7104K) Class: 810K(960K)->810K(960K)
[6.598s][info][gc          ] GC(17) Pause Young (Normal) (G1 Evacuation Pause) 1956M->1399M(7168M) 32.831ms
[6.598s][info][gc,cpu      ] GC(17) User=0.03s Sys=0.17s Real=0.03s
[6.975s][info][gc,start    ] GC(18) Pause Young (Normal) (G1 Evacuation Pause)
[6.975s][info][gc,task     ] GC(18) Using 13 workers of 13 for evacuation
[7.020s][info][gc,phases   ] GC(18)   Pre Evacuate Collection Set: 0.2ms
[7.020s][info][gc,phases   ] GC(18)   Merge Heap Roots: 0.1ms
[7.020s][info][gc,phases   ] GC(18)   Evacuate Collection Set: 44.6ms
[7.020s][info][gc,phases   ] GC(18)   Post Evacuate Collection Set: 0.5ms
[7.020s][info][gc,phases   ] GC(18)   Other: 0.1ms
[7.020s][info][gc,heap     ] GC(18) Eden regions: 214->0(219)
[7.020s][info][gc,heap     ] GC(18) Survivor regions: 25->30(30)
[7.020s][info][gc,heap     ] GC(18) Old regions: 325->363
[7.020s][info][gc,heap     ] GC(18) Humongous regions: 0->0
[7.020s][info][gc,metaspace] GC(18) Metaspace: 9021K(9280K)->9021K(9280K) NonClass: 8071K(8192K)->8071K(8192K) Class: 950K(1088K)->950K(1088K)
[7.020s][info][gc          ] GC(18) Pause Young (Normal) (G1 Evacuation Pause) 2255M->1570M(7168M) 45.643ms
[7.020s][info][gc,cpu      ] GC(18) User=0.09s Sys=0.48s Real=0.05s
[7.605s][info][gc,start    ] GC(19) Pause Young (Normal) (G1 Evacuation Pause)
[7.605s][info][gc,task     ] GC(19) Using 13 workers of 13 for evacuation
[7.636s][info][gc,phases   ] GC(19)   Pre Evacuate Collection Set: 0.3ms
[7.636s][info][gc,phases   ] GC(19)   Merge Heap Roots: 0.1ms
[7.636s][info][gc,phases   ] GC(19)   Evacuate Collection Set: 29.7ms
[7.636s][info][gc,phases   ] GC(19)   Post Evacuate Collection Set: 0.8ms
[7.636s][info][gc,phases   ] GC(19)   Other: 0.1ms
[7.636s][info][gc,heap     ] GC(19) Eden regions: 219->0(281)
[7.636s][info][gc,heap     ] GC(19) Survivor regions: 30->32(32)
[7.636s][info][gc,heap     ] GC(19) Old regions: 363->405
[7.636s][info][gc,heap     ] GC(19) Humongous regions: 0->0
[7.636s][info][gc,metaspace] GC(19) Metaspace: 9889K(10240K)->9889K(10240K) NonClass: 8887K(9088K)->8887K(9088K) Class: 1001K(1152K)->1001K(1152K)
[7.636s][info][gc          ] GC(19) Pause Young (Normal) (G1 Evacuation Pause) 2446M->1745M(7168M) 31.137ms
[7.636s][info][gc,cpu      ] GC(19) User=0.05s Sys=0.17s Real=0.03s
[8.113s][info][gc,start    ] GC(20) Pause Young (Normal) (G1 Evacuation Pause)
[8.113s][info][gc,task     ] GC(20) Using 13 workers of 13 for evacuation
[8.161s][info][gc,phases   ] GC(20)   Pre Evacuate Collection Set: 0.4ms
[8.161s][info][gc,phases   ] GC(20)   Merge Heap Roots: 0.1ms
[8.161s][info][gc,phases   ] GC(20)   Evacuate Collection Set: 46.6ms
[8.161s][info][gc,phases   ] GC(20)   Post Evacuate Collection Set: 0.4ms
[8.161s][info][gc,phases   ] GC(20)   Other: 0.1ms
[8.161s][info][gc,heap     ] GC(20) Eden regions: 281->0(287)
[8.161s][info][gc,heap     ] GC(20) Survivor regions: 32->40(40)
[8.161s][info][gc,heap     ] GC(20) Old regions: 405->452
[8.161s][info][gc,heap     ] GC(20) Humongous regions: 0->0
[8.161s][info][gc,metaspace] GC(20) Metaspace: 9889K(10240K)->9889K(10240K) NonClass: 8887K(9088K)->8887K(9088K) Class: 1001K(1152K)->1001K(1152K)
[8.161s][info][gc          ] GC(20) Pause Young (Normal) (G1 Evacuation Pause) 2869M->1964M(7168M) 47.776ms
[8.161s][info][gc,cpu      ] GC(20) User=0.11s Sys=0.41s Real=0.05s
[8.671s][info][gc,start    ] GC(21) Pause Young (Normal) (G1 Evacuation Pause)
[8.671s][info][gc,task     ] GC(21) Using 13 workers of 13 for evacuation
[8.719s][info][gc,phases   ] GC(21)   Pre Evacuate Collection Set: 0.2ms
[8.719s][info][gc,phases   ] GC(21)   Merge Heap Roots: 0.1ms
[8.719s][info][gc,phases   ] GC(21)   Evacuate Collection Set: 47.0ms
[8.719s][info][gc,phases   ] GC(21)   Post Evacuate Collection Set: 0.5ms
[8.719s][info][gc,phases   ] GC(21)   Other: 0.1ms
[8.719s][info][gc,heap     ] GC(21) Eden regions: 287->0(320)
[8.719s][info][gc,heap     ] GC(21) Survivor regions: 40->30(41)
[8.719s][info][gc,heap     ] GC(21) Old regions: 452->492
[8.719s][info][gc,heap     ] GC(21) Humongous regions: 0->0
[8.719s][info][gc,metaspace] GC(21) Metaspace: 9935K(10240K)->9935K(10240K) NonClass: 8918K(9088K)->8918K(9088K) Class: 1017K(1152K)->1017K(1152K)
[8.719s][info][gc          ] GC(21) Pause Young (Normal) (G1 Evacuation Pause) 3112M->2084M(7168M) 48.175ms
[8.719s][info][gc,cpu      ] GC(21) User=0.34s Sys=0.23s Real=0.05s
[9.040s][info][gc,start    ] GC(22) Pause Young (Normal) (G1 Evacuation Pause)
[9.040s][info][gc,task     ] GC(22) Using 13 workers of 13 for evacuation
[9.087s][info][gc,phases   ] GC(22)   Pre Evacuate Collection Set: 0.2ms
[9.087s][info][gc,phases   ] GC(22)   Merge Heap Roots: 0.2ms
[9.087s][info][gc,phases   ] GC(22)   Evacuate Collection Set: 46.5ms
[9.087s][info][gc,phases   ] GC(22)   Post Evacuate Collection Set: 0.4ms
[9.087s][info][gc,phases   ] GC(22)   Other: 0.1ms
[9.087s][info][gc,heap     ] GC(22) Eden regions: 320->0(460)
[9.087s][info][gc,heap     ] GC(22) Survivor regions: 30->19(44)
[9.087s][info][gc,heap     ] GC(22) Old regions: 492->520
[9.087s][info][gc,heap     ] GC(22) Humongous regions: 0->0
[9.087s][info][gc,metaspace] GC(22) Metaspace: 9935K(10240K)->9935K(10240K) NonClass: 8918K(9088K)->8918K(9088K) Class: 1017K(1152K)->1017K(1152K)
[9.087s][info][gc          ] GC(22) Pause Young (Normal) (G1 Evacuation Pause) 3364M->2153M(7168M) 47.620ms
[9.087s][info][gc,cpu      ] GC(22) User=0.42s Sys=0.19s Real=0.05s
[9.570s][info][gc,start    ] GC(23) Pause Young (Normal) (G1 Evacuation Pause)
[9.570s][info][gc,task     ] GC(23) Using 13 workers of 13 for evacuation
[9.621s][info][gc,phases   ] GC(23)   Pre Evacuate Collection Set: 0.2ms
[9.621s][info][gc,phases   ] GC(23)   Merge Heap Roots: 0.4ms
[9.621s][info][gc,phases   ] GC(23)   Evacuate Collection Set: 49.7ms
[9.621s][info][gc,phases   ] GC(23)   Post Evacuate Collection Set: 0.4ms
[9.621s][info][gc,phases   ] GC(23)   Other: 0.2ms
[9.621s][info][gc,heap     ] GC(23) Eden regions: 460->0(48)
[9.621s][info][gc,heap     ] GC(23) Survivor regions: 19->41(60)
[9.621s][info][gc,heap     ] GC(23) Old regions: 520->520
[9.621s][info][gc,heap     ] GC(23) Humongous regions: 0->0
[9.621s][info][gc,metaspace] GC(23) Metaspace: 10066K(10432K)->10066K(10432K) NonClass: 9020K(9216K)->9020K(9216K) Class: 1046K(1216K)->1046K(1216K)
[9.621s][info][gc          ] GC(23) Pause Young (Normal) (G1 Evacuation Pause) 3993M->2241M(7168M) 51.107ms
[9.621s][info][gc,cpu      ] GC(23) User=0.59s Sys=0.00s Real=0.05s
[9.664s][info][gc,start    ] GC(24) Pause Young (Normal) (G1 Evacuation Pause)
[9.664s][info][gc,task     ] GC(24) Using 13 workers of 13 for evacuation
[9.697s][info][gc,phases   ] GC(24)   Pre Evacuate Collection Set: 0.2ms
[9.697s][info][gc,phases   ] GC(24)   Merge Heap Roots: 0.2ms
[9.697s][info][gc,phases   ] GC(24)   Evacuate Collection Set: 32.1ms
[9.697s][info][gc,phases   ] GC(24)   Post Evacuate Collection Set: 0.5ms
[9.697s][info][gc,phases   ] GC(24)   Other: 0.1ms
[9.697s][info][gc,heap     ] GC(24) Eden regions: 48->0(83)
[9.697s][info][gc,heap     ] GC(24) Survivor regions: 41->6(12)
[9.697s][info][gc,heap     ] GC(24) Old regions: 520->559
[9.697s][info][gc,heap     ] GC(24) Humongous regions: 0->0
[9.697s][info][gc,metaspace] GC(24) Metaspace: 10069K(10432K)->10069K(10432K) NonClass: 9023K(9216K)->9023K(9216K) Class: 1046K(1216K)->1046K(1216K)
[9.697s][info][gc          ] GC(24) Pause Young (Normal) (G1 Evacuation Pause) 2433M->2257M(7168M) 33.371ms
[9.697s][info][gc,cpu      ] GC(24) User=0.36s Sys=0.03s Real=0.03s
[9.791s][info][gc,start    ] GC(25) Pause Young (Normal) (G1 Evacuation Pause)
[9.791s][info][gc,task     ] GC(25) Using 13 workers of 13 for evacuation
[9.807s][info][gc,phases   ] GC(25)   Pre Evacuate Collection Set: 0.3ms
[9.807s][info][gc,phases   ] GC(25)   Merge Heap Roots: 0.5ms
[9.807s][info][gc,phases   ] GC(25)   Evacuate Collection Set: 14.3ms
[9.807s][info][gc,phases   ] GC(25)   Post Evacuate Collection Set: 0.5ms
[9.807s][info][gc,phases   ] GC(25)   Other: 0.1ms
[9.807s][info][gc,heap     ] GC(25) Eden regions: 83->0(83)
[9.807s][info][gc,heap     ] GC(25) Survivor regions: 6->6(12)
[9.807s][info][gc,heap     ] GC(25) Old regions: 559->559
[9.807s][info][gc,heap     ] GC(25) Humongous regions: 0->0
[9.807s][info][gc,metaspace] GC(25) Metaspace: 10069K(10432K)->10069K(10432K) NonClass: 9023K(9216K)->9023K(9216K) Class: 1046K(1216K)->1046K(1216K)
[9.807s][info][gc          ] GC(25) Pause Young (Normal) (G1 Evacuation Pause) 2589M->2256M(7168M) 16.032ms
[9.807s][info][gc,cpu      ] GC(25) User=0.17s Sys=0.02s Real=0.02s
[9.925s][info][gc,start    ] GC(26) Pause Young (Normal) (G1 Evacuation Pause)
[9.926s][info][gc,task     ] GC(26) Using 13 workers of 13 for evacuation
[9.945s][info][gc,phases   ] GC(26)   Pre Evacuate Collection Set: 0.2ms
[9.945s][info][gc,phases   ] GC(26)   Merge Heap Roots: 0.4ms
[9.945s][info][gc,phases   ] GC(26)   Evacuate Collection Set: 17.9ms
[9.945s][info][gc,phases   ] GC(26)   Post Evacuate Collection Set: 0.4ms
[9.945s][info][gc,phases   ] GC(26)   Other: 0.1ms
[9.945s][info][gc,heap     ] GC(26) Eden regions: 83->0(79)
[9.945s][info][gc,heap     ] GC(26) Survivor regions: 6->10(12)
[9.945s][info][gc,heap     ] GC(26) Old regions: 559->559
[9.945s][info][gc,heap     ] GC(26) Humongous regions: 0->0
[9.945s][info][gc,metaspace] GC(26) Metaspace: 10073K(10432K)->10073K(10432K) NonClass: 9026K(9216K)->9026K(9216K) Class: 1046K(1216K)->1046K(1216K)
[9.945s][info][gc          ] GC(26) Pause Young (Normal) (G1 Evacuation Pause) 2588M->2274M(7168M) 19.245ms
[9.945s][info][gc,cpu      ] GC(26) User=0.19s Sys=0.02s Real=0.02s
[10.045s][info][gc,start    ] GC(27) Pause Young (Normal) (G1 Evacuation Pause)
[10.046s][info][gc,task     ] GC(27) Using 13 workers of 13 for evacuation
[10.068s][info][gc,phases   ] GC(27)   Pre Evacuate Collection Set: 0.3ms
[10.068s][info][gc,phases   ] GC(27)   Merge Heap Roots: 0.4ms
[10.068s][info][gc,phases   ] GC(27)   Evacuate Collection Set: 21.0ms
[10.068s][info][gc,phases   ] GC(27)   Post Evacuate Collection Set: 0.6ms
[10.068s][info][gc,phases   ] GC(27)   Other: 0.3ms
[10.068s][info][gc,heap     ] GC(27) Eden regions: 79->0(79)
[10.068s][info][gc,heap     ] GC(27) Survivor regions: 10->10(12)
[10.068s][info][gc,heap     ] GC(27) Old regions: 559->564
[10.068s][info][gc,heap     ] GC(27) Humongous regions: 0->0
[10.068s][info][gc,metaspace] GC(27) Metaspace: 10074K(10432K)->10074K(10432K) NonClass: 9028K(9216K)->9028K(9216K) Class: 1046K(1216K)->1046K(1216K)
[10.068s][info][gc          ] GC(27) Pause Young (Normal) (G1 Evacuation Pause) 2590M->2293M(7168M) 22.818ms
[10.068s][info][gc,cpu      ] GC(27) User=0.17s Sys=0.02s Real=0.02s
[10.153s][info][gc,start    ] GC(28) Pause Young (Normal) (G1 Evacuation Pause)
[10.153s][info][gc,task     ] GC(28) Using 13 workers of 13 for evacuation
[10.174s][info][gc,phases   ] GC(28)   Pre Evacuate Collection Set: 0.2ms
[10.174s][info][gc,phases   ] GC(28)   Merge Heap Roots: 0.4ms
[10.174s][info][gc,phases   ] GC(28)   Evacuate Collection Set: 19.9ms
[10.174s][info][gc,phases   ] GC(28)   Post Evacuate Collection Set: 0.5ms
[10.174s][info][gc,phases   ] GC(28)   Other: 0.1ms
[10.174s][info][gc,heap     ] GC(28) Eden regions: 79->0(79)
[10.174s][info][gc,heap     ] GC(28) Survivor regions: 10->10(12)
[10.174s][info][gc,heap     ] GC(28) Old regions: 564->569
[10.174s][info][gc,heap     ] GC(28) Humongous regions: 2->2
[10.174s][info][gc,metaspace] GC(28) Metaspace: 10090K(10496K)->10090K(10496K) NonClass: 9043K(9280K)->9043K(9280K) Class: 1047K(1216K)->1047K(1216K)
[10.174s][info][gc          ] GC(28) Pause Young (Normal) (G1 Evacuation Pause) 2617M->2318M(7168M) 21.386ms
[10.174s][info][gc,cpu      ] GC(28) User=0.30s Sys=0.05s Real=0.02s
[10.321s][info][gc,start    ] GC(29) Pause Young (Normal) (G1 Evacuation Pause)
[10.321s][info][gc,task     ] GC(29) Using 13 workers of 13 for evacuation
[10.343s][info][gc,phases   ] GC(29)   Pre Evacuate Collection Set: 0.3ms
[10.343s][info][gc,phases   ] GC(29)   Merge Heap Roots: 0.3ms
[10.343s][info][gc,phases   ] GC(29)   Evacuate Collection Set: 21.1ms
[10.343s][info][gc,phases   ] GC(29)   Post Evacuate Collection Set: 0.4ms
[10.343s][info][gc,phases   ] GC(29)   Other: 0.1ms
[10.343s][info][gc,heap     ] GC(29) Eden regions: 79->0(78)
[10.343s][info][gc,heap     ] GC(29) Survivor regions: 10->11(12)
[10.343s][info][gc,heap     ] GC(29) Old regions: 569->573
[10.343s][info][gc,heap     ] GC(29) Humongous regions: 4->4
[10.343s][info][gc,metaspace] GC(29) Metaspace: 10093K(10496K)->10093K(10496K) NonClass: 9045K(9280K)->9045K(9280K) Class: 1047K(1216K)->1047K(1216K)
[10.343s][info][gc          ] GC(29) Pause Young (Normal) (G1 Evacuation Pause) 2642M->2352M(7168M) 22.614ms
[10.343s][info][gc,cpu      ] GC(29) User=0.39s Sys=0.00s Real=0.02s
[10.460s][info][gc,start    ] GC(30) Pause Young (Normal) (G1 Evacuation Pause)
[10.460s][info][gc,task     ] GC(30) Using 13 workers of 13 for evacuation
[10.480s][info][gc,phases   ] GC(30)   Pre Evacuate Collection Set: 0.2ms
[10.480s][info][gc,phases   ] GC(30)   Merge Heap Roots: 0.2ms
[10.480s][info][gc,phases   ] GC(30)   Evacuate Collection Set: 19.1ms
[10.480s][info][gc,phases   ] GC(30)   Post Evacuate Collection Set: 0.4ms
[10.480s][info][gc,phases   ] GC(30)   Other: 0.1ms
[10.480s][info][gc,heap     ] GC(30) Eden regions: 78->0(83)
[10.480s][info][gc,heap     ] GC(30) Survivor regions: 11->6(12)
[10.480s][info][gc,heap     ] GC(30) Old regions: 573->584
[10.480s][info][gc,heap     ] GC(30) Humongous regions: 4->4
[10.480s][info][gc,metaspace] GC(30) Metaspace: 10093K(10496K)->10093K(10496K) NonClass: 9045K(9280K)->9045K(9280K) Class: 1047K(1216K)->1047K(1216K)
[10.480s][info][gc          ] GC(30) Pause Young (Normal) (G1 Evacuation Pause) 2664M->2370M(7168M) 20.186ms
[10.480s][info][gc,cpu      ] GC(30) User=0.20s Sys=0.00s Real=0.02s
[10.591s][info][gc,start    ] GC(31) Pause Young (Normal) (G1 Evacuation Pause)
[10.591s][info][gc,task     ] GC(31) Using 13 workers of 13 for evacuation
[10.606s][info][gc,phases   ] GC(31)   Pre Evacuate Collection Set: 0.1ms
[10.606s][info][gc,phases   ] GC(31)   Merge Heap Roots: 0.3ms
[10.606s][info][gc,phases   ] GC(31)   Evacuate Collection Set: 14.4ms
[10.606s][info][gc,phases   ] GC(31)   Post Evacuate Collection Set: 0.4ms
[10.606s][info][gc,phases   ] GC(31)   Other: 0.1ms
[10.606s][info][gc,heap     ] GC(31) Eden regions: 83->0(79)
[10.606s][info][gc,heap     ] GC(31) Survivor regions: 6->10(12)
[10.606s][info][gc,heap     ] GC(31) Old regions: 584->584
[10.606s][info][gc,heap     ] GC(31) Humongous regions: 4->4
[10.606s][info][gc,metaspace] GC(31) Metaspace: 10093K(10496K)->10093K(10496K) NonClass: 9045K(9280K)->9045K(9280K) Class: 1047K(1216K)->1047K(1216K)
[10.606s][info][gc          ] GC(31) Pause Young (Normal) (G1 Evacuation Pause) 2702M->2389M(7168M) 15.464ms
[10.606s][info][gc,cpu      ] GC(31) User=0.14s Sys=0.05s Real=0.02s
[10.778s][info][gc,start    ] GC(32) Pause Young (Normal) (G1 Evacuation Pause)
[10.779s][info][gc,task     ] GC(32) Using 13 workers of 13 for evacuation
[10.800s][info][gc,phases   ] GC(32)   Pre Evacuate Collection Set: 0.1ms
[10.800s][info][gc,phases   ] GC(32)   Merge Heap Roots: 0.3ms
[10.800s][info][gc,phases   ] GC(32)   Evacuate Collection Set: 20.3ms
[10.800s][info][gc,phases   ] GC(32)   Post Evacuate Collection Set: 0.4ms
[10.800s][info][gc,phases   ] GC(32)   Other: 0.0ms
[10.800s][info][gc,heap     ] GC(32) Eden regions: 126->0(102)
[10.800s][info][gc,heap     ] GC(32) Survivor regions: 10->12(17)
[10.800s][info][gc,heap     ] GC(32) Old regions: 584->588
[10.800s][info][gc,heap     ] GC(32) Humongous regions: 4->4
[10.800s][info][gc,metaspace] GC(32) Metaspace: 10232K(10624K)->10232K(10624K) NonClass: 9166K(9344K)->9166K(9344K) Class: 1066K(1280K)->1066K(1280K)
[10.800s][info][gc          ] GC(32) Pause Young (Normal) (G1 Evacuation Pause) 2893M->2415M(7168M) 21.331ms
[10.800s][info][gc,cpu      ] GC(32) User=0.36s Sys=0.05s Real=0.02s
[10.983s][info][gc,start    ] GC(33) Pause Young (Normal) (G1 Evacuation Pause)
[10.983s][info][gc,task     ] GC(33) Using 13 workers of 13 for evacuation
[11.009s][info][gc,phases   ] GC(33)   Pre Evacuate Collection Set: 0.2ms
[11.009s][info][gc,phases   ] GC(33)   Merge Heap Roots: 0.4ms
[11.009s][info][gc,phases   ] GC(33)   Evacuate Collection Set: 24.8ms
[11.009s][info][gc,phases   ] GC(33)   Post Evacuate Collection Set: 0.7ms
[11.009s][info][gc,phases   ] GC(33)   Other: 0.1ms
[11.009s][info][gc,heap     ] GC(33) Eden regions: 133->0(223)
[11.009s][info][gc,heap     ] GC(33) Survivor regions: 12->15(19)
[11.009s][info][gc,heap     ] GC(33) Old regions: 588->593
[11.009s][info][gc,heap     ] GC(33) Humongous regions: 5->5
[11.009s][info][gc,metaspace] GC(33) Metaspace: 10232K(10624K)->10232K(10624K) NonClass: 9166K(9344K)->9166K(9344K) Class: 1066K(1280K)->1066K(1280K)
[11.009s][info][gc          ] GC(33) Pause Young (Normal) (G1 Evacuation Pause) 2951M->2451M(7168M) 26.276ms
[11.009s][info][gc,cpu      ] GC(33) User=0.36s Sys=0.03s Real=0.03s
[11.143s][info][gc,start    ] GC(34) Pause Young (Normal) (G1 Evacuation Pause)
[11.143s][info][gc,task     ] GC(34) Using 13 workers of 13 for evacuation
[11.170s][info][gc,phases   ] GC(34)   Pre Evacuate Collection Set: 0.2ms
[11.170s][info][gc,phases   ] GC(34)   Merge Heap Roots: 0.4ms
[11.170s][info][gc,phases   ] GC(34)   Evacuate Collection Set: 25.7ms
[11.170s][info][gc,phases   ] GC(34)   Post Evacuate Collection Set: 0.5ms
[11.170s][info][gc,phases   ] GC(34)   Other: 0.1ms
[11.170s][info][gc,heap     ] GC(34) Eden regions: 91->0(432)
[11.170s][info][gc,heap     ] GC(34) Survivor regions: 15->8(14)
[11.170s][info][gc,heap     ] GC(34) Old regions: 593->607
[11.170s][info][gc,heap     ] GC(34) Humongous regions: 6->6
[11.170s][info][gc,metaspace] GC(34) Metaspace: 10232K(10624K)->10232K(10624K) NonClass: 9166K(9344K)->9166K(9344K) Class: 1066K(1280K)->1066K(1280K)
[11.170s][info][gc          ] GC(34) Pause Young (Normal) (G1 Evacuation Pause) 2819M->2480M(7168M) 27.211ms
[11.170s][info][gc,cpu      ] GC(34) User=0.16s Sys=0.00s Real=0.03s
[11.383s][info][gc,start    ] GC(35) Pause Young (Normal) (G1 Evacuation Pause)
[11.383s][info][gc,task     ] GC(35) Using 13 workers of 13 for evacuation
[11.408s][info][gc,phases   ] GC(35)   Pre Evacuate Collection Set: 0.2ms
[11.408s][info][gc,phases   ] GC(35)   Merge Heap Roots: 0.5ms
[11.408s][info][gc,phases   ] GC(35)   Evacuate Collection Set: 24.0ms
[11.408s][info][gc,phases   ] GC(35)   Post Evacuate Collection Set: 0.5ms
[11.408s][info][gc,phases   ] GC(35)   Other: 0.1ms
[11.408s][info][gc,heap     ] GC(35) Eden regions: 156->0(306)
[11.408s][info][gc,heap     ] GC(35) Survivor regions: 8->16(21)
[11.408s][info][gc,heap     ] GC(35) Old regions: 607->607
[11.408s][info][gc,heap     ] GC(35) Humongous regions: 7->7
[11.408s][info][gc,metaspace] GC(35) Metaspace: 10248K(10624K)->10248K(10624K) NonClass: 9182K(9344K)->9182K(9344K) Class: 1066K(1280K)->1066K(1280K)
[11.408s][info][gc          ] GC(35) Pause Young (Normal) (G1 Evacuation Pause) 3108M->2518M(7168M) 25.341ms
[11.408s][info][gc,cpu      ] GC(35) User=0.36s Sys=0.02s Real=0.03s
[11.553s][info][gc,start    ] GC(36) Pause Young (Normal) (G1 Evacuation Pause)
[11.553s][info][gc,task     ] GC(36) Using 13 workers of 13 for evacuation
[11.586s][info][gc,phases   ] GC(36)   Pre Evacuate Collection Set: 0.2ms
[11.586s][info][gc,phases   ] GC(36)   Merge Heap Roots: 0.5ms
[11.586s][info][gc,phases   ] GC(36)   Evacuate Collection Set: 31.5ms
[11.586s][info][gc,phases   ] GC(36)   Post Evacuate Collection Set: 0.5ms
[11.586s][info][gc,phases   ] GC(36)   Other: 0.1ms
[11.586s][info][gc,heap     ] GC(36) Eden regions: 121->0(351)
[11.586s][info][gc,heap     ] GC(36) Survivor regions: 16->18(18)
[11.586s][info][gc,heap     ] GC(36) Old regions: 607->614
[11.586s][info][gc,heap     ] GC(36) Humongous regions: 10->10
[11.586s][info][gc,metaspace] GC(36) Metaspace: 10248K(10624K)->10248K(10624K) NonClass: 9182K(9344K)->9182K(9344K) Class: 1066K(1280K)->1066K(1280K)
[11.586s][info][gc          ] GC(36) Pause Young (Normal) (G1 Evacuation Pause) 3014M->2568M(7168M) 32.933ms
[11.586s][info][gc,cpu      ] GC(36) User=0.41s Sys=0.00s Real=0.03s
[11.939s][info][gc,start    ] GC(37) Pause Young (Normal) (G1 Evacuation Pause)
[11.939s][info][gc,task     ] GC(37) Using 13 workers of 13 for evacuation
[11.987s][info][gc,phases   ] GC(37)   Pre Evacuate Collection Set: 0.2ms
[11.987s][info][gc,phases   ] GC(37)   Merge Heap Roots: 0.5ms
[11.987s][info][gc,phases   ] GC(37)   Evacuate Collection Set: 46.8ms
[11.987s][info][gc,phases   ] GC(37)   Post Evacuate Collection Set: 0.6ms
[11.987s][info][gc,phases   ] GC(37)   Other: 0.1ms
[11.987s][info][gc,heap     ] GC(37) Eden regions: 291->0(117)
[11.987s][info][gc,heap     ] GC(37) Survivor regions: 18->37(39)
[11.987s][info][gc,heap     ] GC(37) Old regions: 614->614
[11.987s][info][gc,heap     ] GC(37) Humongous regions: 11->11
[11.987s][info][gc,metaspace] GC(37) Metaspace: 10265K(10688K)->10265K(10688K) NonClass: 9199K(9408K)->9199K(9408K) Class: 1066K(1280K)->1066K(1280K)
[11.987s][info][gc          ] GC(37) Pause Young (Normal) (G1 Evacuation Pause) 3736M->2648M(7168M) 48.466ms
[11.987s][info][gc,cpu      ] GC(37) User=0.61s Sys=0.00s Real=0.05s
[12.317s][info][gc,start    ] GC(38) Pause Young (Normal) (G1 Evacuation Pause)
[12.317s][info][gc,task     ] GC(38) Using 13 workers of 13 for evacuation
[12.376s][info][gc,phases   ] GC(38)   Pre Evacuate Collection Set: 0.2ms
[12.376s][info][gc,phases   ] GC(38)   Merge Heap Roots: 0.5ms
[12.376s][info][gc,phases   ] GC(38)   Evacuate Collection Set: 57.6ms
[12.376s][info][gc,phases   ] GC(38)   Post Evacuate Collection Set: 0.5ms
[12.376s][info][gc,phases   ] GC(38)   Other: 0.1ms
[12.376s][info][gc,heap     ] GC(38) Eden regions: 271->0(310)
[12.376s][info][gc,heap     ] GC(38) Survivor regions: 37->34(39)
[12.376s][info][gc,heap     ] GC(38) Old regions: 614->632
[12.376s][info][gc,heap     ] GC(38) Humongous regions: 11->11
[12.376s][info][gc,metaspace] GC(38) Metaspace: 10266K(10688K)->10266K(10688K) NonClass: 9200K(9408K)->9200K(9408K) Class: 1066K(1280K)->1066K(1280K)
[12.376s][info][gc          ] GC(38) Pause Young (Normal) (G1 Evacuation Pause) 3732M->2707M(7168M) 59.104ms
[12.376s][info][gc,cpu      ] GC(38) User=0.69s Sys=0.09s Real=0.06s
[12.702s][info][gc,start    ] GC(39) Pause Young (Normal) (G1 Evacuation Pause)
[12.703s][info][gc,task     ] GC(39) Using 13 workers of 13 for evacuation
[12.762s][info][gc,phases   ] GC(39)   Pre Evacuate Collection Set: 0.2ms
[12.762s][info][gc,phases   ] GC(39)   Merge Heap Roots: 0.5ms
[12.762s][info][gc,phases   ] GC(39)   Evacuate Collection Set: 57.8ms
[12.762s][info][gc,phases   ] GC(39)   Post Evacuate Collection Set: 0.6ms
[12.762s][info][gc,phases   ] GC(39)   Other: 0.1ms
[12.762s][info][gc,heap     ] GC(39) Eden regions: 254->0(436)
[12.762s][info][gc,heap     ] GC(39) Survivor regions: 34->31(36)
[12.762s][info][gc,heap     ] GC(39) Old regions: 632->651
[12.762s][info][gc,heap     ] GC(39) Humongous regions: 13->13
[12.762s][info][gc,metaspace] GC(39) Metaspace: 10315K(10688K)->10315K(10688K) NonClass: 9249K(9408K)->9249K(9408K) Class: 1066K(1280K)->1066K(1280K)
[12.762s][info][gc          ] GC(39) Pause Young (Normal) (G1 Evacuation Pause) 3731M->2777M(7168M) 59.384ms
[12.762s][info][gc,cpu      ] GC(39) User=0.52s Sys=0.05s Real=0.06s
[13.059s][info][gc,start    ] GC(40) Pause Young (Normal) (G1 Evacuation Pause)
[13.059s][info][gc,task     ] GC(40) Using 13 workers of 13 for evacuation
[13.119s][info][gc,phases   ] GC(40)   Pre Evacuate Collection Set: 0.2ms
[13.119s][info][gc,phases   ] GC(40)   Merge Heap Roots: 0.8ms
[13.119s][info][gc,phases   ] GC(40)   Evacuate Collection Set: 58.5ms
[13.119s][info][gc,phases   ] GC(40)   Post Evacuate Collection Set: 0.5ms
[13.119s][info][gc,phases   ] GC(40)   Other: 0.1ms
[13.119s][info][gc,heap     ] GC(40) Eden regions: 238->0(329)
[13.119s][info][gc,heap     ] GC(40) Survivor regions: 31->34(34)
[13.119s][info][gc,heap     ] GC(40) Old regions: 651->666
[13.119s][info][gc,heap     ] GC(40) Humongous regions: 20->20
[13.119s][info][gc,metaspace] GC(40) Metaspace: 10316K(10688K)->10316K(10688K) NonClass: 9250K(9408K)->9250K(9408K) Class: 1066K(1280K)->1066K(1280K)
[13.119s][info][gc          ] GC(40) Pause Young (Normal) (G1 Evacuation Pause) 3757M->2879M(7168M) 60.253ms
[13.119s][info][gc,cpu      ] GC(40) User=0.78s Sys=0.00s Real=0.06s
[13.423s][info][gc,start    ] GC(41) Pause Young (Normal) (G1 Evacuation Pause)
[13.423s][info][gc,task     ] GC(41) Using 13 workers of 13 for evacuation
[13.491s][info][gc,phases   ] GC(41)   Pre Evacuate Collection Set: 0.2ms
[13.491s][info][gc,phases   ] GC(41)   Merge Heap Roots: 0.8ms
[13.491s][info][gc,phases   ] GC(41)   Evacuate Collection Set: 65.9ms
[13.491s][info][gc,phases   ] GC(41)   Post Evacuate Collection Set: 0.6ms
[13.491s][info][gc,phases   ] GC(41)   Other: 0.1ms
[13.491s][info][gc,heap     ] GC(41) Eden regions: 259->0(289)
[13.491s][info][gc,heap     ] GC(41) Survivor regions: 34->37(37)
[13.491s][info][gc,heap     ] GC(41) Old regions: 666->684
[13.491s][info][gc,heap     ] GC(41) Humongous regions: 29->29
[13.491s][info][gc,metaspace] GC(41) Metaspace: 10316K(10688K)->10316K(10688K) NonClass: 9250K(9408K)->9250K(9408K) Class: 1066K(1280K)->1066K(1280K)
[13.491s][info][gc          ] GC(41) Pause Young (Normal) (G1 Evacuation Pause) 3951M->2997M(7168M) 67.773ms
[13.491s][info][gc,cpu      ] GC(41) User=0.75s Sys=0.03s Real=0.07s
[13.857s][info][gc,start    ] GC(42) Pause Young (Normal) (G1 Evacuation Pause)
[13.857s][info][gc,task     ] GC(42) Using 13 workers of 13 for evacuation
[13.937s][info][gc,phases   ] GC(42)   Pre Evacuate Collection Set: 0.3ms
[13.937s][info][gc,phases   ] GC(42)   Merge Heap Roots: 0.9ms
[13.937s][info][gc,phases   ] GC(42)   Evacuate Collection Set: 76.9ms
[13.937s][info][gc,phases   ] GC(42)   Post Evacuate Collection Set: 0.8ms
[13.937s][info][gc,phases   ] GC(42)   Other: 0.1ms
[13.937s][info][gc,heap     ] GC(42) Eden regions: 315->0(231)
[13.937s][info][gc,heap     ] GC(42) Survivor regions: 37->44(44)
[13.937s][info][gc,heap     ] GC(42) Old regions: 684->703
[13.937s][info][gc,heap     ] GC(42) Humongous regions: 36->36
[13.937s][info][gc,metaspace] GC(42) Metaspace: 10367K(10752K)->10367K(10752K) NonClass: 9292K(9472K)->9292K(9472K) Class: 1075K(1280K)->1075K(1280K)
[13.937s][info][gc          ] GC(42) Pause Young (Normal) (G1 Evacuation Pause) 4285M->3132M(7168M) 79.459ms
[13.937s][info][gc,cpu      ] GC(42) User=1.11s Sys=0.02s Real=0.08s
[14.148s][info][gc,start    ] GC(43) Pause Young (Normal) (G1 Evacuation Pause)
[14.148s][info][gc,task     ] GC(43) Using 13 workers of 13 for evacuation
[14.217s][info][gc,phases   ] GC(43)   Pre Evacuate Collection Set: 0.2ms
[14.217s][info][gc,phases   ] GC(43)   Merge Heap Roots: 0.9ms
[14.217s][info][gc,phases   ] GC(43)   Evacuate Collection Set: 67.3ms
[14.217s][info][gc,phases   ] GC(43)   Post Evacuate Collection Set: 0.6ms
[14.218s][info][gc,phases   ] GC(43)   Other: 0.1ms
[14.218s][info][gc,heap     ] GC(43) Eden regions: 186->0(343)
[14.218s][info][gc,heap     ] GC(43) Survivor regions: 44->20(29)
[14.218s][info][gc,heap     ] GC(43) Old regions: 703->749
[14.218s][info][gc,heap     ] GC(43) Humongous regions: 41->41
[14.218s][info][gc,metaspace] GC(43) Metaspace: 10367K(10752K)->10367K(10752K) NonClass: 9292K(9472K)->9292K(9472K) Class: 1075K(1280K)->1075K(1280K)
[14.218s][info][gc          ] GC(43) Pause Young (Normal) (G1 Evacuation Pause) 3896M->3238M(7168M) 69.267ms
[14.218s][info][gc,cpu      ] GC(43) User=0.75s Sys=0.03s Real=0.07s
[14.572s][info][gc,start    ] GC(44) Pause Young (Normal) (G1 Evacuation Pause)
[14.572s][info][gc,task     ] GC(44) Using 13 workers of 13 for evacuation
[14.627s][info][gc,phases   ] GC(44)   Pre Evacuate Collection Set: 0.2ms
[14.627s][info][gc,phases   ] GC(44)   Merge Heap Roots: 0.7ms
[14.627s][info][gc,phases   ] GC(44)   Evacuate Collection Set: 53.1ms
[14.627s][info][gc,phases   ] GC(44)   Post Evacuate Collection Set: 0.6ms
[14.627s][info][gc,phases   ] GC(44)   Other: 0.1ms
[14.627s][info][gc,heap     ] GC(44) Eden regions: 310->0(226)
[14.627s][info][gc,heap     ] GC(44) Survivor regions: 20->39(42)
[14.627s][info][gc,heap     ] GC(44) Old regions: 749->749
[14.627s][info][gc,heap     ] GC(44) Humongous regions: 48->48
[14.627s][info][gc,metaspace] GC(44) Metaspace: 10367K(10752K)->10367K(10752K) NonClass: 9292K(9472K)->9292K(9472K) Class: 1075K(1280K)->1075K(1280K)
[14.627s][info][gc          ] GC(44) Pause Young (Normal) (G1 Evacuation Pause) 4506M->3344M(7168M) 54.862ms
[14.627s][info][gc,cpu      ] GC(44) User=0.75s Sys=0.02s Real=0.06s
[14.963s][info][gc,start    ] GC(45) Pause Young (Normal) (G1 Evacuation Pause)
[14.963s][info][gc,task     ] GC(45) Using 13 workers of 13 for evacuation
[15.037s][info][gc,phases   ] GC(45)   Pre Evacuate Collection Set: 0.2ms
[15.038s][info][gc,phases   ] GC(45)   Merge Heap Roots: 0.9ms
[15.038s][info][gc,phases   ] GC(45)   Evacuate Collection Set: 72.7ms
[15.038s][info][gc,phases   ] GC(45)   Post Evacuate Collection Set: 0.7ms
[15.038s][info][gc,phases   ] GC(45)   Other: 0.1ms
[15.038s][info][gc,heap     ] GC(45) Eden regions: 245->0(394)
[15.038s][info][gc,heap     ] GC(45) Survivor regions: 39->21(36)
[15.038s][info][gc,heap     ] GC(45) Old regions: 749->787
[15.038s][info][gc,heap     ] GC(45) Humongous regions: 55->55
[15.038s][info][gc,metaspace] GC(45) Metaspace: 10392K(10816K)->10392K(10816K) NonClass: 9313K(9536K)->9313K(9536K) Class: 1079K(1280K)->1079K(1280K)
[15.038s][info][gc          ] GC(45) Pause Young (Normal) (G1 Evacuation Pause) 4352M->3448M(7168M) 74.744ms
[15.038s][info][gc,cpu      ] GC(45) User=0.84s Sys=0.05s Real=0.07s
[15.040s][info][gc,start    ] GC(46) Pause Young (Concurrent Start) (G1 Humongous Allocation)
[15.040s][info][gc,task     ] GC(46) Using 13 workers of 13 for evacuation
[15.060s][info][gc,phases   ] GC(46)   Pre Evacuate Collection Set: 0.4ms
[15.060s][info][gc,phases   ] GC(46)   Merge Heap Roots: 0.2ms
[15.060s][info][gc,phases   ] GC(46)   Evacuate Collection Set: 18.7ms
[15.060s][info][gc,phases   ] GC(46)   Post Evacuate Collection Set: 0.4ms
[15.060s][info][gc,phases   ] GC(46)   Other: 0.1ms
[15.060s][info][gc,heap     ] GC(46) Eden regions: 4->0(567)
[15.060s][info][gc,heap     ] GC(46) Survivor regions: 21->21(75)
[15.060s][info][gc,heap     ] GC(46) Old regions: 787->787
[15.060s][info][gc,heap     ] GC(46) Humongous regions: 55->55
[15.060s][info][gc,metaspace] GC(46) Metaspace: 10392K(10816K)->10392K(10816K) NonClass: 9313K(9536K)->9313K(9536K) Class: 1079K(1280K)->1079K(1280K)
[15.060s][info][gc          ] GC(46) Pause Young (Concurrent Start) (G1 Humongous Allocation) 3461M->3447M(7168M) 19.988ms
[15.060s][info][gc          ] GC(47) Concurrent Mark Cycle
[15.060s][info][gc,cpu      ] GC(46) User=0.17s Sys=0.00s Real=0.02s
[15.060s][info][gc,marking  ] GC(47) Concurrent Scan Root Regions
[15.119s][info][gc,marking  ] GC(47) Concurrent Scan Root Regions 59.295ms
[15.119s][info][gc,marking  ] GC(47) Concurrent Mark
[15.119s][info][gc,marking  ] GC(47) Concurrent Mark From Roots
[15.119s][info][gc,task     ] GC(47) Using 3 workers of 3 for marking
[15.554s][info][gc,marking  ] GC(47) Concurrent Mark From Roots 434.485ms
[15.554s][info][gc,marking  ] GC(47) Concurrent Preclean
[15.554s][info][gc,marking  ] GC(47) Concurrent Preclean 0.099ms
[15.554s][info][gc,start    ] GC(47) Pause Remark
[15.556s][info][gc          ] GC(47) Pause Remark 4257M->4113M(7168M) 1.923ms
[15.556s][info][gc,cpu      ] GC(47) User=0.00s Sys=0.00s Real=0.00s
[15.556s][info][gc,marking  ] GC(47) Concurrent Mark 436.772ms
[15.556s][info][gc,marking  ] GC(47) Concurrent Rebuild Remembered Sets and Scrub Regions
[15.826s][info][gc,marking  ] GC(47) Concurrent Rebuild Remembered Sets and Scrub Regions 269.335ms
[15.826s][info][gc,start    ] GC(47) Pause Cleanup
[15.826s][info][gc          ] GC(47) Pause Cleanup 4315M->4315M(7168M) 0.493ms
[15.826s][info][gc,cpu      ] GC(47) User=0.00s Sys=0.00s Real=0.00s
[15.826s][info][gc,marking  ] GC(47) Concurrent Clear Claimed Marks
[15.826s][info][gc,marking  ] GC(47) Concurrent Clear Claimed Marks 0.034ms
[15.826s][info][gc,marking  ] GC(47) Concurrent Cleanup for Next Mark
[15.838s][info][gc,marking  ] GC(47) Concurrent Cleanup for Next Mark 11.450ms
[15.838s][info][gc          ] GC(47) Concurrent Mark Cycle 777.840ms
[17.326s][info][gc,start    ] GC(48) Pause Young (Prepare Mixed) (G1 Evacuation Pause)
[17.326s][info][gc,task     ] GC(48) Using 13 workers of 13 for evacuation
[17.510s][info][gc,mmu      ] GC(48) MMU target violated: 101.0ms (100.0ms/101.0ms)
[17.510s][info][gc,phases   ] GC(48)   Pre Evacuate Collection Set: 0.3ms
[17.510s][info][gc,phases   ] GC(48)   Merge Heap Roots: 1.8ms
[17.510s][info][gc,phases   ] GC(48)   Evacuate Collection Set: 180.5ms
[17.510s][info][gc,phases   ] GC(48)   Post Evacuate Collection Set: 1.0ms
[17.510s][info][gc,phases   ] GC(48)   Other: 0.1ms
[17.510s][info][gc,heap     ] GC(48) Eden regions: 289->0(50)
[17.510s][info][gc,heap     ] GC(48) Survivor regions: 21->39(39)
[17.510s][info][gc,heap     ] GC(48) Old regions: 786->846
[17.510s][info][gc,heap     ] GC(48) Humongous regions: 78->78
[17.510s][info][gc,metaspace] GC(48) Metaspace: 10460K(10880K)->10460K(10880K) NonClass: 9375K(9600K)->9375K(9600K) Class: 1085K(1280K)->1085K(1280K)
[17.510s][info][gc          ] GC(48) Pause Young (Prepare Mixed) (G1 Evacuation Pause) 4691M->3851M(7168M) 183.995ms
[17.510s][info][gc,cpu      ] GC(48) User=2.19s Sys=0.12s Real=0.18s
[18.045s][info][gc,heap,exit] Heap
[18.045s][info][gc,heap,exit]  garbage-first heap   total 7340032K, used 4149158K [0x0000000640000000, 0x0000000800000000)
[18.045s][info][gc,heap,exit]   region size 4096K, 73 young (299008K), 39 survivors (159744K)
[18.045s][info][gc,heap,exit]  Metaspace       used 10498K, committed 10880K, reserved 1114112K
[18.045s][info][gc,heap,exit]   class space    used 1088K, committed 1280K, reserved 1048576K
