[0.009s][info][gc,init] CardTable entry size: 512
[0.009s][info][gc     ] Using G1
[0.192s][info][gc,init] Version: 21.0.2+13-58 (release)
[0.192s][info][gc,init] CPUs: 16 total, 16 available
[0.192s][info][gc,init] Memory: 32555M
[0.192s][info][gc,init] Large Page Support: Disabled
[0.192s][info][gc,init] NUMA Support: Disabled
[0.192s][info][gc,init] Compressed Oops: Enabled (Zero based)
[0.192s][info][gc,init] Heap Region Size: 8M
[0.192s][info][gc,init] Heap Min Capacity: 15G
[0.192s][info][gc,init] Heap Initial Capacity: 15G
[0.192s][info][gc,init] Heap Max Capacity: 15G
[0.192s][info][gc,init] Pre-touch: Disabled
[0.192s][info][gc,init] Parallel Workers: 13
[0.192s][info][gc,init] Concurrent Workers: 3
[0.192s][info][gc,init] Concurrent Refinement Workers: 13
[0.192s][info][gc,init] Periodic GC: Disabled
[0.200s][info][gc,metaspace] CDS archive(s) mapped at: [0x0000023c43000000-0x0000023c43c90000-0x0000023c43c90000), size 13172736, SharedBaseAddress: 0x0000023c43000000, ArchiveRelocationMode: 1.
[0.200s][info][gc,metaspace] Compressed class space mapped at: 0x0000023c44000000-0x0000023c84000000, reserved size: 1073741824
[0.200s][info][gc,metaspace] Narrow klass base: 0x0000023c43000000, Narrow klass shift: 0, Narrow klass range: 0x100000000
[3.915s][info][gc,start    ] GC(0) Pause Young (Normal) (G1 Evacuation Pause)
[3.915s][info][gc,task     ] GC(0) Using 13 workers of 13 for evacuation
[3.938s][info][gc,phases   ] GC(0)   Pre Evacuate Collection Set: 0.3ms
[3.938s][info][gc,phases   ] GC(0)   Merge Heap Roots: 0.2ms
[3.938s][info][gc,phases   ] GC(0)   Evacuate Collection Set: 21.4ms
[3.938s][info][gc,phases   ] GC(0)   Post Evacuate Collection Set: 0.9ms
[3.938s][info][gc,phases   ] GC(0)   Other: 0.3ms
[3.938s][info][gc,heap     ] GC(0) Eden regions: 96->0(84)
[3.938s][info][gc,heap     ] GC(0) Survivor regions: 0->12(12)
[3.938s][info][gc,heap     ] GC(0) Old regions: 0->7
[3.938s][info][gc,heap     ] GC(0) Humongous regions: 0->0
[3.938s][info][gc,metaspace] GC(0) Metaspace: 7711K(8064K)->7711K(8064K) NonClass: 6900K(7104K)->6900K(7104K) Class: 810K(960K)->810K(960K)
[3.938s][info][gc          ] GC(0) Pause Young (Normal) (G1 Evacuation Pause) 768M->145M(15360M) 23.247ms
[3.938s][info][gc,cpu      ] GC(0) User=0.06s Sys=0.03s Real=0.02s
[4.202s][info][gc,start    ] GC(1) Pause Young (Normal) (G1 Evacuation Pause)
[4.202s][info][gc,task     ] GC(1) Using 13 workers of 13 for evacuation
[4.229s][info][gc,phases   ] GC(1)   Pre Evacuate Collection Set: 0.2ms
[4.230s][info][gc,phases   ] GC(1)   Merge Heap Roots: 0.0ms
[4.230s][info][gc,phases   ] GC(1)   Evacuate Collection Set: 26.2ms
[4.230s][info][gc,phases   ] GC(1)   Post Evacuate Collection Set: 0.7ms
[4.230s][info][gc,phases   ] GC(1)   Other: 0.1ms
[4.230s][info][gc,heap     ] GC(1) Eden regions: 84->0(84)
[4.230s][info][gc,heap     ] GC(1) Survivor regions: 12->12(12)
[4.230s][info][gc,heap     ] GC(1) Old regions: 7->23
[4.230s][info][gc,heap     ] GC(1) Humongous regions: 0->0
[4.230s][info][gc,metaspace] GC(1) Metaspace: 7725K(8064K)->7725K(8064K) NonClass: 6915K(7104K)->6915K(7104K) Class: 810K(960K)->810K(960K)
[4.230s][info][gc          ] GC(1) Pause Young (Normal) (G1 Evacuation Pause) 817M->278M(15360M) 27.382ms
[4.230s][info][gc,cpu      ] GC(1) User=0.08s Sys=0.05s Real=0.03s
[4.487s][info][gc,start    ] GC(2) Pause Young (Normal) (G1 Evacuation Pause)
[4.487s][info][gc,task     ] GC(2) Using 13 workers of 13 for evacuation
[4.512s][info][gc,phases   ] GC(2)   Pre Evacuate Collection Set: 0.2ms
[4.512s][info][gc,phases   ] GC(2)   Merge Heap Roots: 0.1ms
[4.512s][info][gc,phases   ] GC(2)   Evacuate Collection Set: 24.7ms
[4.512s][info][gc,phases   ] GC(2)   Post Evacuate Collection Set: 0.6ms
[4.512s][info][gc,phases   ] GC(2)   Other: 0.1ms
[4.512s][info][gc,heap     ] GC(2) Eden regions: 84->0(84)
[4.512s][info][gc,heap     ] GC(2) Survivor regions: 12->12(12)
[4.512s][info][gc,heap     ] GC(2) Old regions: 23->40
[4.512s][info][gc,heap     ] GC(2) Humongous regions: 0->0
[4.512s][info][gc,metaspace] GC(2) Metaspace: 7725K(8064K)->7725K(8064K) NonClass: 6915K(7104K)->6915K(7104K) Class: 810K(960K)->810K(960K)
[4.513s][info][gc          ] GC(2) Pause Young (Normal) (G1 Evacuation Pause) 950M->412M(15360M) 25.953ms
[4.513s][info][gc,cpu      ] GC(2) User=0.08s Sys=0.11s Real=0.03s
[4.772s][info][gc,start    ] GC(3) Pause Young (Normal) (G1 Evacuation Pause)
[4.772s][info][gc,task     ] GC(3) Using 13 workers of 13 for evacuation
[4.799s][info][gc,phases   ] GC(3)   Pre Evacuate Collection Set: 0.3ms
[4.799s][info][gc,phases   ] GC(3)   Merge Heap Roots: 0.1ms
[4.799s][info][gc,phases   ] GC(3)   Evacuate Collection Set: 25.4ms
[4.799s][info][gc,phases   ] GC(3)   Post Evacuate Collection Set: 0.6ms
[4.799s][info][gc,phases   ] GC(3)   Other: 0.1ms
[4.799s][info][gc,heap     ] GC(3) Eden regions: 84->0(84)
[4.799s][info][gc,heap     ] GC(3) Survivor regions: 12->12(12)
[4.799s][info][gc,heap     ] GC(3) Old regions: 40->57
[4.799s][info][gc,heap     ] GC(3) Humongous regions: 0->0
[4.799s][info][gc,metaspace] GC(3) Metaspace: 7725K(8064K)->7725K(8064K) NonClass: 6915K(7104K)->6915K(7104K) Class: 810K(960K)->810K(960K)
[4.799s][info][gc          ] GC(3) Pause Young (Normal) (G1 Evacuation Pause) 1084M->545M(15360M) 26.543ms
[4.799s][info][gc,cpu      ] GC(3) User=0.03s Sys=0.03s Real=0.03s
[5.051s][info][gc,start    ] GC(4) Pause Young (Normal) (G1 Evacuation Pause)
[5.051s][info][gc,task     ] GC(4) Using 13 workers of 13 for evacuation
[5.077s][info][gc,phases   ] GC(4)   Pre Evacuate Collection Set: 0.2ms
[5.077s][info][gc,phases   ] GC(4)   Merge Heap Roots: 0.1ms
[5.077s][info][gc,phases   ] GC(4)   Evacuate Collection Set: 24.8ms
[5.077s][info][gc,phases   ] GC(4)   Post Evacuate Collection Set: 0.6ms
[5.077s][info][gc,phases   ] GC(4)   Other: 0.1ms
[5.077s][info][gc,heap     ] GC(4) Eden regions: 84->0(84)
[5.077s][info][gc,heap     ] GC(4) Survivor regions: 12->12(12)
[5.077s][info][gc,heap     ] GC(4) Old regions: 57->73
[5.077s][info][gc,heap     ] GC(4) Humongous regions: 0->0
[5.077s][info][gc,metaspace] GC(4) Metaspace: 7725K(8064K)->7725K(8064K) NonClass: 6915K(7104K)->6915K(7104K) Class: 810K(960K)->810K(960K)
[5.077s][info][gc          ] GC(4) Pause Young (Normal) (G1 Evacuation Pause) 1217M->678M(15360M) 25.925ms
[5.077s][info][gc,cpu      ] GC(4) User=0.06s Sys=0.11s Real=0.02s
[5.329s][info][gc,start    ] GC(5) Pause Young (Normal) (G1 Evacuation Pause)
[5.329s][info][gc,task     ] GC(5) Using 13 workers of 13 for evacuation
[5.354s][info][gc,phases   ] GC(5)   Pre Evacuate Collection Set: 0.2ms
[5.354s][info][gc,phases   ] GC(5)   Merge Heap Roots: 0.1ms
[5.354s][info][gc,phases   ] GC(5)   Evacuate Collection Set: 24.4ms
[5.354s][info][gc,phases   ] GC(5)   Post Evacuate Collection Set: 0.7ms
[5.354s][info][gc,phases   ] GC(5)   Other: 0.1ms
[5.354s][info][gc,heap     ] GC(5) Eden regions: 84->0(84)
[5.354s][info][gc,heap     ] GC(5) Survivor regions: 12->12(12)
[5.354s][info][gc,heap     ] GC(5) Old regions: 73->90
[5.354s][info][gc,heap     ] GC(5) Humongous regions: 0->0
[5.354s][info][gc,metaspace] GC(5) Metaspace: 7738K(8064K)->7738K(8064K) NonClass: 6927K(7104K)->6927K(7104K) Class: 810K(960K)->810K(960K)
[5.354s][info][gc          ] GC(5) Pause Young (Normal) (G1 Evacuation Pause) 1350M->812M(15360M) 25.662ms
[5.354s][info][gc,cpu      ] GC(5) User=0.05s Sys=0.09s Real=0.03s
[5.613s][info][gc,start    ] GC(6) Pause Young (Normal) (G1 Evacuation Pause)
[5.613s][info][gc,task     ] GC(6) Using 13 workers of 13 for evacuation
[5.639s][info][gc,phases   ] GC(6)   Pre Evacuate Collection Set: 0.3ms
[5.639s][info][gc,phases   ] GC(6)   Merge Heap Roots: 0.1ms
[5.639s][info][gc,phases   ] GC(6)   Evacuate Collection Set: 25.2ms
[5.639s][info][gc,phases   ] GC(6)   Post Evacuate Collection Set: 0.5ms
[5.639s][info][gc,phases   ] GC(6)   Other: 0.1ms
[5.639s][info][gc,heap     ] GC(6) Eden regions: 84->0(84)
[5.639s][info][gc,heap     ] GC(6) Survivor regions: 12->12(12)
[5.639s][info][gc,heap     ] GC(6) Old regions: 90->107
[5.639s][info][gc,heap     ] GC(6) Humongous regions: 0->0
[5.639s][info][gc,metaspace] GC(6) Metaspace: 7738K(8064K)->7738K(8064K) NonClass: 6928K(7104K)->6928K(7104K) Class: 810K(960K)->810K(960K)
[5.639s][info][gc          ] GC(6) Pause Young (Normal) (G1 Evacuation Pause) 1484M->945M(15360M) 26.415ms
[5.639s][info][gc,cpu      ] GC(6) User=0.11s Sys=0.08s Real=0.03s
[5.898s][info][gc,start    ] GC(7) Pause Young (Normal) (G1 Evacuation Pause)
[5.898s][info][gc,task     ] GC(7) Using 13 workers of 13 for evacuation
[5.924s][info][gc,phases   ] GC(7)   Pre Evacuate Collection Set: 0.2ms
[5.924s][info][gc,phases   ] GC(7)   Merge Heap Roots: 0.1ms
[5.924s][info][gc,phases   ] GC(7)   Evacuate Collection Set: 24.5ms
[5.924s][info][gc,phases   ] GC(7)   Post Evacuate Collection Set: 0.6ms
[5.924s][info][gc,phases   ] GC(7)   Other: 0.1ms
[5.924s][info][gc,heap     ] GC(7) Eden regions: 84->0(84)
[5.924s][info][gc,heap     ] GC(7) Survivor regions: 12->12(12)
[5.924s][info][gc,heap     ] GC(7) Old regions: 107->124
[5.924s][info][gc,heap     ] GC(7) Humongous regions: 0->0
[5.924s][info][gc,metaspace] GC(7) Metaspace: 7738K(8064K)->7738K(8064K) NonClass: 6928K(7104K)->6928K(7104K) Class: 810K(960K)->810K(960K)
[5.924s][info][gc          ] GC(7) Pause Young (Normal) (G1 Evacuation Pause) 1617M->1080M(15360M) 25.655ms
[5.924s][info][gc,cpu      ] GC(7) User=0.05s Sys=0.03s Real=0.03s
[6.177s][info][gc,start    ] GC(8) Pause Young (Normal) (G1 Evacuation Pause)
[6.178s][info][gc,task     ] GC(8) Using 13 workers of 13 for evacuation
[6.202s][info][gc,phases   ] GC(8)   Pre Evacuate Collection Set: 0.2ms
[6.202s][info][gc,phases   ] GC(8)   Merge Heap Roots: 0.1ms
[6.202s][info][gc,phases   ] GC(8)   Evacuate Collection Set: 23.7ms
[6.202s][info][gc,phases   ] GC(8)   Post Evacuate Collection Set: 0.7ms
[6.202s][info][gc,phases   ] GC(8)   Other: 0.1ms
[6.202s][info][gc,heap     ] GC(8) Eden regions: 84->0(84)
[6.202s][info][gc,heap     ] GC(8) Survivor regions: 12->12(12)
[6.202s][info][gc,heap     ] GC(8) Old regions: 124->140
[6.202s][info][gc,heap     ] GC(8) Humongous regions: 0->0
[6.202s][info][gc,metaspace] GC(8) Metaspace: 7743K(8064K)->7743K(8064K) NonClass: 6933K(7104K)->6933K(7104K) Class: 810K(960K)->810K(960K)
[6.202s][info][gc          ] GC(8) Pause Young (Normal) (G1 Evacuation Pause) 1752M->1214M(15360M) 24.960ms
[6.202s][info][gc,cpu      ] GC(8) User=0.03s Sys=0.05s Real=0.03s
[6.461s][info][gc,start    ] GC(9) Pause Young (Normal) (G1 Evacuation Pause)
[6.461s][info][gc,task     ] GC(9) Using 13 workers of 13 for evacuation
[6.487s][info][gc,phases   ] GC(9)   Pre Evacuate Collection Set: 0.3ms
[6.487s][info][gc,phases   ] GC(9)   Merge Heap Roots: 0.1ms
[6.487s][info][gc,phases   ] GC(9)   Evacuate Collection Set: 25.3ms
[6.487s][info][gc,phases   ] GC(9)   Post Evacuate Collection Set: 0.7ms
[6.487s][info][gc,phases   ] GC(9)   Other: 0.1ms
[6.487s][info][gc,heap     ] GC(9) Eden regions: 84->0(84)
[6.487s][info][gc,heap     ] GC(9) Survivor regions: 12->12(12)
[6.487s][info][gc,heap     ] GC(9) Old regions: 140->157
[6.487s][info][gc,heap     ] GC(9) Humongous regions: 0->0
[6.487s][info][gc,metaspace] GC(9) Metaspace: 7743K(8064K)->7743K(8064K) NonClass: 6933K(7104K)->6933K(7104K) Class: 810K(960K)->810K(960K)
[6.487s][info][gc          ] GC(9) Pause Young (Normal) (G1 Evacuation Pause) 1886M->1347M(15360M) 26.538ms
[6.487s][info][gc,cpu      ] GC(9) User=0.05s Sys=0.03s Real=0.03s
[6.739s][info][gc,start    ] GC(10) Pause Young (Normal) (G1 Evacuation Pause)
[6.739s][info][gc,task     ] GC(10) Using 13 workers of 13 for evacuation
[6.767s][info][gc,phases   ] GC(10)   Pre Evacuate Collection Set: 0.3ms
[6.767s][info][gc,phases   ] GC(10)   Merge Heap Roots: 0.1ms
[6.767s][info][gc,phases   ] GC(10)   Evacuate Collection Set: 26.8ms
[6.767s][info][gc,phases   ] GC(10)   Post Evacuate Collection Set: 0.7ms
[6.767s][info][gc,phases   ] GC(10)   Other: 0.0ms
[6.767s][info][gc,heap     ] GC(10) Eden regions: 84->0(84)
[6.767s][info][gc,heap     ] GC(10) Survivor regions: 12->12(12)
[6.767s][info][gc,heap     ] GC(10) Old regions: 157->174
[6.767s][info][gc,heap     ] GC(10) Humongous regions: 0->0
[6.767s][info][gc,metaspace] GC(10) Metaspace: 7743K(8064K)->7743K(8064K) NonClass: 6933K(7104K)->6933K(7104K) Class: 810K(960K)->810K(960K)
[6.767s][info][gc          ] GC(10) Pause Young (Normal) (G1 Evacuation Pause) 2019M->1482M(15360M) 28.066ms
[6.767s][info][gc,cpu      ] GC(10) User=0.05s Sys=0.06s Real=0.03s
[7.015s][info][gc,start    ] GC(11) Pause Young (Normal) (G1 Evacuation Pause)
[7.015s][info][gc,task     ] GC(11) Using 13 workers of 13 for evacuation
[7.039s][info][gc,phases   ] GC(11)   Pre Evacuate Collection Set: 0.2ms
[7.040s][info][gc,phases   ] GC(11)   Merge Heap Roots: 0.1ms
[7.040s][info][gc,phases   ] GC(11)   Evacuate Collection Set: 23.5ms
[7.040s][info][gc,phases   ] GC(11)   Post Evacuate Collection Set: 0.3ms
[7.040s][info][gc,phases   ] GC(11)   Other: 0.1ms
[7.040s][info][gc,heap     ] GC(11) Eden regions: 84->0(84)
[7.040s][info][gc,heap     ] GC(11) Survivor regions: 12->12(12)
[7.040s][info][gc,heap     ] GC(11) Old regions: 174->191
[7.040s][info][gc,heap     ] GC(11) Humongous regions: 0->0
[7.040s][info][gc,metaspace] GC(11) Metaspace: 7743K(8064K)->7743K(8064K) NonClass: 6933K(7104K)->6933K(7104K) Class: 810K(960K)->810K(960K)
[7.040s][info][gc          ] GC(11) Pause Young (Normal) (G1 Evacuation Pause) 2154M->1616M(15360M) 24.480ms
[7.040s][info][gc,cpu      ] GC(11) User=0.09s Sys=0.06s Real=0.02s
[7.293s][info][gc,start    ] GC(12) Pause Young (Normal) (G1 Evacuation Pause)
[7.293s][info][gc,task     ] GC(12) Using 13 workers of 13 for evacuation
[7.320s][info][gc,phases   ] GC(12)   Pre Evacuate Collection Set: 0.2ms
[7.320s][info][gc,phases   ] GC(12)   Merge Heap Roots: 0.1ms
[7.320s][info][gc,phases   ] GC(12)   Evacuate Collection Set: 25.2ms
[7.320s][info][gc,phases   ] GC(12)   Post Evacuate Collection Set: 1.0ms
[7.320s][info][gc,phases   ] GC(12)   Other: 0.1ms
[7.320s][info][gc,heap     ] GC(12) Eden regions: 84->0(84)
[7.320s][info][gc,heap     ] GC(12) Survivor regions: 12->12(12)
[7.320s][info][gc,heap     ] GC(12) Old regions: 191->207
[7.320s][info][gc,heap     ] GC(12) Humongous regions: 0->0
[7.320s][info][gc,metaspace] GC(12) Metaspace: 7757K(8064K)->7757K(8064K) NonClass: 6946K(7104K)->6946K(7104K) Class: 810K(960K)->810K(960K)
[7.320s][info][gc          ] GC(12) Pause Young (Normal) (G1 Evacuation Pause) 2288M->1750M(15360M) 26.676ms
[7.320s][info][gc,cpu      ] GC(12) User=0.12s Sys=0.06s Real=0.03s
[7.589s][info][gc,start    ] GC(13) Pause Young (Normal) (G1 Evacuation Pause)
[7.589s][info][gc,task     ] GC(13) Using 13 workers of 13 for evacuation
[7.616s][info][gc,phases   ] GC(13)   Pre Evacuate Collection Set: 0.4ms
[7.616s][info][gc,phases   ] GC(13)   Merge Heap Roots: 0.1ms
[7.616s][info][gc,phases   ] GC(13)   Evacuate Collection Set: 25.7ms
[7.616s][info][gc,phases   ] GC(13)   Post Evacuate Collection Set: 0.7ms
[7.616s][info][gc,phases   ] GC(13)   Other: 0.0ms
[7.616s][info][gc,heap     ] GC(13) Eden regions: 84->0(84)
[7.616s][info][gc,heap     ] GC(13) Survivor regions: 12->12(12)
[7.616s][info][gc,heap     ] GC(13) Old regions: 207->224
[7.616s][info][gc,heap     ] GC(13) Humongous regions: 0->0
[7.616s][info][gc,metaspace] GC(13) Metaspace: 7757K(8064K)->7757K(8064K) NonClass: 6946K(7104K)->6946K(7104K) Class: 810K(960K)->810K(960K)
[7.616s][info][gc          ] GC(13) Pause Young (Normal) (G1 Evacuation Pause) 2422M->1880M(15360M) 27.050ms
[7.616s][info][gc,cpu      ] GC(13) User=0.08s Sys=0.14s Real=0.03s
[7.952s][info][gc,start    ] GC(14) Pause Young (Normal) (G1 Evacuation Pause)
[7.952s][info][gc,task     ] GC(14) Using 13 workers of 13 for evacuation
[7.981s][info][gc,phases   ] GC(14)   Pre Evacuate Collection Set: 0.2ms
[7.981s][info][gc,phases   ] GC(14)   Merge Heap Roots: 0.1ms
[7.981s][info][gc,phases   ] GC(14)   Evacuate Collection Set: 27.8ms
[7.981s][info][gc,phases   ] GC(14)   Post Evacuate Collection Set: 0.3ms
[7.981s][info][gc,phases   ] GC(14)   Other: 0.1ms
[7.981s][info][gc,heap     ] GC(14) Eden regions: 84->0(84)
[7.981s][info][gc,heap     ] GC(14) Survivor regions: 12->12(12)
[7.981s][info][gc,heap     ] GC(14) Old regions: 224->238
[7.981s][info][gc,heap     ] GC(14) Humongous regions: 0->0
[7.981s][info][gc,metaspace] GC(14) Metaspace: 7976K(8256K)->7976K(8256K) NonClass: 7134K(7296K)->7134K(7296K) Class: 842K(960K)->842K(960K)
[7.981s][info][gc          ] GC(14) Pause Young (Normal) (G1 Evacuation Pause) 2552M->1996M(15360M) 28.812ms
[7.981s][info][gc,cpu      ] GC(14) User=0.19s Sys=0.20s Real=0.03s
[8.162s][info][gc,start    ] GC(15) Pause Young (Normal) (G1 Evacuation Pause)
[8.162s][info][gc,task     ] GC(15) Using 13 workers of 13 for evacuation
[8.197s][info][gc,phases   ] GC(15)   Pre Evacuate Collection Set: 0.2ms
[8.197s][info][gc,phases   ] GC(15)   Merge Heap Roots: 0.1ms
[8.197s][info][gc,phases   ] GC(15)   Evacuate Collection Set: 33.7ms
[8.197s][info][gc,phases   ] GC(15)   Post Evacuate Collection Set: 0.3ms
[8.197s][info][gc,phases   ] GC(15)   Other: 0.1ms
[8.197s][info][gc,heap     ] GC(15) Eden regions: 84->0(89)
[8.197s][info][gc,heap     ] GC(15) Survivor regions: 12->7(12)
[8.197s][info][gc,heap     ] GC(15) Old regions: 238->250
[8.197s][info][gc,heap     ] GC(15) Humongous regions: 0->0
[8.197s][info][gc,metaspace] GC(15) Metaspace: 7989K(8256K)->7989K(8256K) NonClass: 7147K(7296K)->7147K(7296K) Class: 842K(960K)->842K(960K)
[8.197s][info][gc          ] GC(15) Pause Young (Normal) (G1 Evacuation Pause) 2668M->2049M(15360M) 34.571ms
[8.197s][info][gc,cpu      ] GC(15) User=0.16s Sys=0.27s Real=0.03s
[8.371s][info][gc,start    ] GC(16) Pause Young (Normal) (G1 Evacuation Pause)
[8.371s][info][gc,task     ] GC(16) Using 13 workers of 13 for evacuation
[8.398s][info][gc,phases   ] GC(16)   Pre Evacuate Collection Set: 0.2ms
[8.398s][info][gc,phases   ] GC(16)   Merge Heap Roots: 0.2ms
[8.398s][info][gc,phases   ] GC(16)   Evacuate Collection Set: 26.3ms
[8.398s][info][gc,phases   ] GC(16)   Post Evacuate Collection Set: 0.4ms
[8.398s][info][gc,phases   ] GC(16)   Other: 0.1ms
[8.398s][info][gc,heap     ] GC(16) Eden regions: 89->0(90)
[8.398s][info][gc,heap     ] GC(16) Survivor regions: 7->6(12)
[8.398s][info][gc,heap     ] GC(16) Old regions: 250->256
[8.398s][info][gc,heap     ] GC(16) Humongous regions: 0->0
[8.398s][info][gc,metaspace] GC(16) Metaspace: 7999K(8256K)->7999K(8256K) NonClass: 7157K(7296K)->7157K(7296K) Class: 842K(960K)->842K(960K)
[8.398s][info][gc          ] GC(16) Pause Young (Normal) (G1 Evacuation Pause) 2761M->2089M(15360M) 27.409ms
[8.398s][info][gc,cpu      ] GC(16) User=0.28s Sys=0.12s Real=0.03s
[8.569s][info][gc,start    ] GC(17) Pause Young (Normal) (G1 Evacuation Pause)
[8.569s][info][gc,task     ] GC(17) Using 13 workers of 13 for evacuation
[8.594s][info][gc,phases   ] GC(17)   Pre Evacuate Collection Set: 0.2ms
[8.594s][info][gc,phases   ] GC(17)   Merge Heap Roots: 0.4ms
[8.594s][info][gc,phases   ] GC(17)   Evacuate Collection Set: 24.4ms
[8.594s][info][gc,phases   ] GC(17)   Post Evacuate Collection Set: 0.4ms
[8.594s][info][gc,phases   ] GC(17)   Other: 0.1ms
[8.594s][info][gc,heap     ] GC(17) Eden regions: 90->0(85)
[8.594s][info][gc,heap     ] GC(17) Survivor regions: 6->11(12)
[8.594s][info][gc,heap     ] GC(17) Old regions: 256->256
[8.594s][info][gc,heap     ] GC(17) Humongous regions: 0->0
[8.594s][info][gc,metaspace] GC(17) Metaspace: 7999K(8256K)->7999K(8256K) NonClass: 7157K(7296K)->7157K(7296K) Class: 842K(960K)->842K(960K)
[8.594s][info][gc          ] GC(17) Pause Young (Normal) (G1 Evacuation Pause) 2809M->2133M(15360M) 25.641ms
[8.594s][info][gc,cpu      ] GC(17) User=0.19s Sys=0.02s Real=0.03s
[8.752s][info][gc,start    ] GC(18) Pause Young (Normal) (G1 Evacuation Pause)
[8.752s][info][gc,task     ] GC(18) Using 13 workers of 13 for evacuation
[8.784s][info][gc,phases   ] GC(18)   Pre Evacuate Collection Set: 0.2ms
[8.784s][info][gc,phases   ] GC(18)   Merge Heap Roots: 0.3ms
[8.784s][info][gc,phases   ] GC(18)   Evacuate Collection Set: 31.1ms
[8.784s][info][gc,phases   ] GC(18)   Post Evacuate Collection Set: 0.3ms
[8.784s][info][gc,phases   ] GC(18)   Other: 0.1ms
[8.784s][info][gc,heap     ] GC(18) Eden regions: 85->0(85)
[8.784s][info][gc,heap     ] GC(18) Survivor regions: 11->11(12)
[8.784s][info][gc,heap     ] GC(18) Old regions: 256->261
[8.784s][info][gc,heap     ] GC(18) Humongous regions: 0->0
[8.784s][info][gc,metaspace] GC(18) Metaspace: 7999K(8256K)->7999K(8256K) NonClass: 7157K(7296K)->7157K(7296K) Class: 842K(960K)->842K(960K)
[8.784s][info][gc          ] GC(18) Pause Young (Normal) (G1 Evacuation Pause) 2813M->2164M(15360M) 32.270ms
[8.784s][info][gc,cpu      ] GC(18) User=0.38s Sys=0.03s Real=0.03s
[8.944s][info][gc,start    ] GC(19) Pause Young (Normal) (G1 Evacuation Pause)
[8.944s][info][gc,task     ] GC(19) Using 13 workers of 13 for evacuation
[8.975s][info][gc,phases   ] GC(19)   Pre Evacuate Collection Set: 0.2ms
[8.975s][info][gc,phases   ] GC(19)   Merge Heap Roots: 0.4ms
[8.975s][info][gc,phases   ] GC(19)   Evacuate Collection Set: 29.7ms
[8.975s][info][gc,phases   ] GC(19)   Post Evacuate Collection Set: 0.4ms
[8.975s][info][gc,phases   ] GC(19)   Other: 0.1ms
[8.975s][info][gc,heap     ] GC(19) Eden regions: 85->0(87)
[8.975s][info][gc,heap     ] GC(19) Survivor regions: 11->9(12)
[8.975s][info][gc,heap     ] GC(19) Old regions: 261->266
[8.975s][info][gc,heap     ] GC(19) Humongous regions: 0->0
[8.975s][info][gc,metaspace] GC(19) Metaspace: 7999K(8256K)->7999K(8256K) NonClass: 7157K(7296K)->7157K(7296K) Class: 842K(960K)->842K(960K)
[8.975s][info][gc          ] GC(19) Pause Young (Normal) (G1 Evacuation Pause) 2844M->2192M(15360M) 31.163ms
[8.975s][info][gc,cpu      ] GC(19) User=0.39s Sys=0.00s Real=0.03s
[9.150s][info][gc,start    ] GC(20) Pause Young (Normal) (G1 Evacuation Pause)
[9.150s][info][gc,task     ] GC(20) Using 13 workers of 13 for evacuation
[9.180s][info][gc,phases   ] GC(20)   Pre Evacuate Collection Set: 0.2ms
[9.180s][info][gc,phases   ] GC(20)   Merge Heap Roots: 0.5ms
[9.180s][info][gc,phases   ] GC(20)   Evacuate Collection Set: 29.2ms
[9.180s][info][gc,phases   ] GC(20)   Post Evacuate Collection Set: 0.5ms
[9.180s][info][gc,phases   ] GC(20)   Other: 0.1ms
[9.180s][info][gc,heap     ] GC(20) Eden regions: 87->0(88)
[9.180s][info][gc,heap     ] GC(20) Survivor regions: 9->8(12)
[9.180s][info][gc,heap     ] GC(20) Old regions: 266->271
[9.180s][info][gc,heap     ] GC(20) Humongous regions: 0->0
[9.180s][info][gc,metaspace] GC(20) Metaspace: 7999K(8256K)->7999K(8256K) NonClass: 7157K(7296K)->7157K(7296K) Class: 842K(960K)->842K(960K)
[9.180s][info][gc          ] GC(20) Pause Young (Normal) (G1 Evacuation Pause) 2888M->2222M(15360M) 30.638ms
[9.180s][info][gc,cpu      ] GC(20) User=0.41s Sys=0.00s Real=0.03s
[9.362s][info][gc,start    ] GC(21) Pause Young (Normal) (G1 Evacuation Pause)
[9.362s][info][gc,task     ] GC(21) Using 13 workers of 13 for evacuation
[9.394s][info][gc,phases   ] GC(21)   Pre Evacuate Collection Set: 0.2ms
[9.394s][info][gc,phases   ] GC(21)   Merge Heap Roots: 0.5ms
[9.394s][info][gc,phases   ] GC(21)   Evacuate Collection Set: 30.0ms
[9.394s][info][gc,phases   ] GC(21)   Post Evacuate Collection Set: 0.4ms
[9.394s][info][gc,phases   ] GC(21)   Other: 0.1ms
[9.394s][info][gc,heap     ] GC(21) Eden regions: 88->0(88)
[9.394s][info][gc,heap     ] GC(21) Survivor regions: 8->8(12)
[9.394s][info][gc,heap     ] GC(21) Old regions: 271->274
[9.394s][info][gc,heap     ] GC(21) Humongous regions: 0->0
[9.394s][info][gc,metaspace] GC(21) Metaspace: 8007K(8256K)->8007K(8256K) NonClass: 7165K(7296K)->7165K(7296K) Class: 842K(960K)->842K(960K)
[9.394s][info][gc          ] GC(21) Pause Young (Normal) (G1 Evacuation Pause) 2926M->2256M(15360M) 31.385ms
[9.394s][info][gc,cpu      ] GC(21) User=0.38s Sys=0.03s Real=0.03s
[9.624s][info][gc,start    ] GC(22) Pause Young (Normal) (G1 Evacuation Pause)
[9.624s][info][gc,task     ] GC(22) Using 13 workers of 13 for evacuation
[9.662s][info][gc,phases   ] GC(22)   Pre Evacuate Collection Set: 0.1ms
[9.662s][info][gc,phases   ] GC(22)   Merge Heap Roots: 0.5ms
[9.662s][info][gc,phases   ] GC(22)   Evacuate Collection Set: 36.1ms
[9.662s][info][gc,phases   ] GC(22)   Post Evacuate Collection Set: 0.4ms
[9.662s][info][gc,phases   ] GC(22)   Other: 0.1ms
[9.662s][info][gc,heap     ] GC(22) Eden regions: 88->0(84)
[9.662s][info][gc,heap     ] GC(22) Survivor regions: 8->12(12)
[9.662s][info][gc,heap     ] GC(22) Old regions: 274->278
[9.662s][info][gc,heap     ] GC(22) Humongous regions: 0->0
[9.662s][info][gc,metaspace] GC(22) Metaspace: 8011K(8256K)->8011K(8256K) NonClass: 7168K(7296K)->7168K(7296K) Class: 842K(960K)->842K(960K)
[9.662s][info][gc          ] GC(22) Pause Young (Normal) (G1 Evacuation Pause) 2960M->2316M(15360M) 37.363ms
[9.662s][info][gc,cpu      ] GC(22) User=0.45s Sys=0.02s Real=0.04s
[9.873s][info][gc,start    ] GC(23) Pause Young (Normal) (G1 Evacuation Pause)
[9.873s][info][gc,task     ] GC(23) Using 13 workers of 13 for evacuation
[9.910s][info][gc,phases   ] GC(23)   Pre Evacuate Collection Set: 0.2ms
[9.910s][info][gc,phases   ] GC(23)   Merge Heap Roots: 0.3ms
[9.910s][info][gc,phases   ] GC(23)   Evacuate Collection Set: 35.9ms
[9.910s][info][gc,phases   ] GC(23)   Post Evacuate Collection Set: 0.4ms
[9.910s][info][gc,phases   ] GC(23)   Other: 0.1ms
[9.910s][info][gc,heap     ] GC(23) Eden regions: 84->0(89)
[9.910s][info][gc,heap     ] GC(23) Survivor regions: 12->7(12)
[9.910s][info][gc,heap     ] GC(23) Old regions: 278->289
[9.910s][info][gc,heap     ] GC(23) Humongous regions: 0->0
[9.910s][info][gc,metaspace] GC(23) Metaspace: 8011K(8256K)->8011K(8256K) NonClass: 7168K(7296K)->7168K(7296K) Class: 842K(960K)->842K(960K)
[9.910s][info][gc          ] GC(23) Pause Young (Normal) (G1 Evacuation Pause) 2988M->2361M(15360M) 37.071ms
[9.910s][info][gc,cpu      ] GC(23) User=0.39s Sys=0.00s Real=0.04s
[10.112s][info][gc,start    ] GC(24) Pause Young (Normal) (G1 Evacuation Pause)
[10.112s][info][gc,task     ] GC(24) Using 13 workers of 13 for evacuation
[10.139s][info][gc,phases   ] GC(24)   Pre Evacuate Collection Set: 0.2ms
[10.139s][info][gc,phases   ] GC(24)   Merge Heap Roots: 0.4ms
[10.139s][info][gc,phases   ] GC(24)   Evacuate Collection Set: 25.7ms
[10.139s][info][gc,phases   ] GC(24)   Post Evacuate Collection Set: 0.3ms
[10.139s][info][gc,phases   ] GC(24)   Other: 0.1ms
[10.139s][info][gc,heap     ] GC(24) Eden regions: 89->0(84)
[10.139s][info][gc,heap     ] GC(24) Survivor regions: 7->12(12)
[10.139s][info][gc,heap     ] GC(24) Old regions: 289->289
[10.139s][info][gc,heap     ] GC(24) Humongous regions: 0->0
[10.139s][info][gc,metaspace] GC(24) Metaspace: 8011K(8256K)->8011K(8256K) NonClass: 7168K(7296K)->7168K(7296K) Class: 842K(960K)->842K(960K)
[10.139s][info][gc          ] GC(24) Pause Young (Normal) (G1 Evacuation Pause) 3073M->2405M(15360M) 26.840ms
[10.139s][info][gc,cpu      ] GC(24) User=0.39s Sys=0.00s Real=0.03s
[10.318s][info][gc,start    ] GC(25) Pause Young (Normal) (G1 Evacuation Pause)
[10.318s][info][gc,task     ] GC(25) Using 13 workers of 13 for evacuation
[10.350s][info][gc,phases   ] GC(25)   Pre Evacuate Collection Set: 0.2ms
[10.350s][info][gc,phases   ] GC(25)   Merge Heap Roots: 0.3ms
[10.350s][info][gc,phases   ] GC(25)   Evacuate Collection Set: 31.7ms
[10.350s][info][gc,phases   ] GC(25)   Post Evacuate Collection Set: 0.3ms
[10.350s][info][gc,phases   ] GC(25)   Other: 0.1ms
[10.350s][info][gc,heap     ] GC(25) Eden regions: 84->0(85)
[10.350s][info][gc,heap     ] GC(25) Survivor regions: 12->11(12)
[10.350s][info][gc,heap     ] GC(25) Old regions: 289->295
[10.350s][info][gc,heap     ] GC(25) Humongous regions: 0->0
[10.350s][info][gc,metaspace] GC(25) Metaspace: 8022K(8256K)->8022K(8256K) NonClass: 7179K(7296K)->7179K(7296K) Class: 842K(960K)->842K(960K)
[10.350s][info][gc          ] GC(25) Pause Young (Normal) (G1 Evacuation Pause) 3077M->2438M(15360M) 32.804ms
[10.350s][info][gc,cpu      ] GC(25) User=0.41s Sys=0.00s Real=0.03s
[10.526s][info][gc,start    ] GC(26) Pause Young (Normal) (G1 Evacuation Pause)
[10.526s][info][gc,task     ] GC(26) Using 13 workers of 13 for evacuation
[10.563s][info][gc,phases   ] GC(26)   Pre Evacuate Collection Set: 0.2ms
[10.563s][info][gc,phases   ] GC(26)   Merge Heap Roots: 0.6ms
[10.563s][info][gc,phases   ] GC(26)   Evacuate Collection Set: 35.2ms
[10.563s][info][gc,phases   ] GC(26)   Post Evacuate Collection Set: 0.3ms
[10.563s][info][gc,phases   ] GC(26)   Other: 0.1ms
[10.563s][info][gc,heap     ] GC(26) Eden regions: 85->0(85)
[10.563s][info][gc,heap     ] GC(26) Survivor regions: 11->11(12)
[10.563s][info][gc,heap     ] GC(26) Old regions: 295->300
[10.563s][info][gc,heap     ] GC(26) Humongous regions: 0->0
[10.563s][info][gc,metaspace] GC(26) Metaspace: 8022K(8256K)->8022K(8256K) NonClass: 7179K(7296K)->7179K(7296K) Class: 842K(960K)->842K(960K)
[10.563s][info][gc          ] GC(26) Pause Young (Normal) (G1 Evacuation Pause) 3118M->2485M(15360M) 36.581ms
[10.563s][info][gc,cpu      ] GC(26) User=0.41s Sys=0.00s Real=0.04s
[10.743s][info][gc,start    ] GC(27) Pause Young (Normal) (G1 Evacuation Pause)
[10.743s][info][gc,task     ] GC(27) Using 13 workers of 13 for evacuation
[10.778s][info][gc,phases   ] GC(27)   Pre Evacuate Collection Set: 0.2ms
[10.778s][info][gc,phases   ] GC(27)   Merge Heap Roots: 0.5ms
[10.778s][info][gc,phases   ] GC(27)   Evacuate Collection Set: 34.2ms
[10.778s][info][gc,phases   ] GC(27)   Post Evacuate Collection Set: 0.3ms
[10.778s][info][gc,phases   ] GC(27)   Other: 0.1ms
[10.778s][info][gc,heap     ] GC(27) Eden regions: 85->0(84)
[10.778s][info][gc,heap     ] GC(27) Survivor regions: 11->12(12)
[10.778s][info][gc,heap     ] GC(27) Old regions: 300->305
[10.778s][info][gc,heap     ] GC(27) Humongous regions: 0->0
[10.778s][info][gc,metaspace] GC(27) Metaspace: 8022K(8256K)->8022K(8256K) NonClass: 7179K(7296K)->7179K(7296K) Class: 842K(960K)->842K(960K)
[10.778s][info][gc          ] GC(27) Pause Young (Normal) (G1 Evacuation Pause) 3165M->2531M(15360M) 35.370ms
[10.778s][info][gc,cpu      ] GC(27) User=0.41s Sys=0.00s Real=0.04s
[10.956s][info][gc,start    ] GC(28) Pause Young (Normal) (G1 Evacuation Pause)
[10.956s][info][gc,task     ] GC(28) Using 13 workers of 13 for evacuation
[10.995s][info][gc,phases   ] GC(28)   Pre Evacuate Collection Set: 0.1ms
[10.995s][info][gc,phases   ] GC(28)   Merge Heap Roots: 0.6ms
[10.995s][info][gc,phases   ] GC(28)   Evacuate Collection Set: 37.3ms
[10.995s][info][gc,phases   ] GC(28)   Post Evacuate Collection Set: 0.3ms
[10.995s][info][gc,phases   ] GC(28)   Other: 0.0ms
[10.995s][info][gc,heap     ] GC(28) Eden regions: 84->0(84)
[10.995s][info][gc,heap     ] GC(28) Survivor regions: 12->12(12)
[10.995s][info][gc,heap     ] GC(28) Old regions: 305->311
[10.995s][info][gc,heap     ] GC(28) Humongous regions: 0->0
[10.995s][info][gc,metaspace] GC(28) Metaspace: 8025K(8320K)->8025K(8320K) NonClass: 7182K(7360K)->7182K(7360K) Class: 842K(960K)->842K(960K)
[10.995s][info][gc          ] GC(28) Pause Young (Normal) (G1 Evacuation Pause) 3203M->2578M(15360M) 38.603ms
[10.995s][info][gc,cpu      ] GC(28) User=0.61s Sys=0.00s Real=0.04s
[11.190s][info][gc,start    ] GC(29) Pause Young (Normal) (G1 Evacuation Pause)
[11.190s][info][gc,task     ] GC(29) Using 13 workers of 13 for evacuation
[11.226s][info][gc,phases   ] GC(29)   Pre Evacuate Collection Set: 0.1ms
[11.226s][info][gc,phases   ] GC(29)   Merge Heap Roots: 0.3ms
[11.226s][info][gc,phases   ] GC(29)   Evacuate Collection Set: 34.5ms
[11.226s][info][gc,phases   ] GC(29)   Post Evacuate Collection Set: 0.4ms
[11.226s][info][gc,phases   ] GC(29)   Other: 0.1ms
[11.226s][info][gc,heap     ] GC(29) Eden regions: 92->0(84)
[11.226s][info][gc,heap     ] GC(29) Survivor regions: 12->12(13)
[11.226s][info][gc,heap     ] GC(29) Old regions: 311->317
[11.226s][info][gc,heap     ] GC(29) Humongous regions: 0->0
[11.226s][info][gc,metaspace] GC(29) Metaspace: 8025K(8320K)->8025K(8320K) NonClass: 7183K(7360K)->7183K(7360K) Class: 842K(960K)->842K(960K)
[11.226s][info][gc          ] GC(29) Pause Young (Normal) (G1 Evacuation Pause) 3314M->2621M(15360M) 35.655ms
[11.226s][info][gc,cpu      ] GC(29) User=0.61s Sys=0.00s Real=0.04s
[11.408s][info][gc,start    ] GC(30) Pause Young (Normal) (G1 Evacuation Pause)
[11.408s][info][gc,task     ] GC(30) Using 13 workers of 13 for evacuation
[11.446s][info][gc,phases   ] GC(30)   Pre Evacuate Collection Set: 0.2ms
[11.446s][info][gc,phases   ] GC(30)   Merge Heap Roots: 0.6ms
[11.446s][info][gc,phases   ] GC(30)   Evacuate Collection Set: 36.2ms
[11.446s][info][gc,phases   ] GC(30)   Post Evacuate Collection Set: 0.4ms
[11.446s][info][gc,phases   ] GC(30)   Other: 0.0ms
[11.446s][info][gc,heap     ] GC(30) Eden regions: 84->0(90)
[11.446s][info][gc,heap     ] GC(30) Survivor regions: 12->11(12)
[11.446s][info][gc,heap     ] GC(30) Old regions: 317->323
[11.446s][info][gc,heap     ] GC(30) Humongous regions: 0->0
[11.446s][info][gc,metaspace] GC(30) Metaspace: 8029K(8320K)->8029K(8320K) NonClass: 7187K(7360K)->7187K(7360K) Class: 842K(960K)->842K(960K)
[11.446s][info][gc          ] GC(30) Pause Young (Normal) (G1 Evacuation Pause) 3293M->2665M(15360M) 37.608ms
[11.446s][info][gc,cpu      ] GC(30) User=0.58s Sys=0.03s Real=0.04s
[11.641s][info][gc,start    ] GC(31) Pause Young (Normal) (G1 Evacuation Pause)
[11.641s][info][gc,task     ] GC(31) Using 13 workers of 13 for evacuation
[11.693s][info][gc,phases   ] GC(31)   Pre Evacuate Collection Set: 0.2ms
[11.693s][info][gc,phases   ] GC(31)   Merge Heap Roots: 0.8ms
[11.693s][info][gc,phases   ] GC(31)   Evacuate Collection Set: 49.9ms
[11.693s][info][gc,phases   ] GC(31)   Post Evacuate Collection Set: 0.5ms
[11.693s][info][gc,phases   ] GC(31)   Other: 0.1ms
[11.693s][info][gc,heap     ] GC(31) Eden regions: 85->0(84)
[11.693s][info][gc,heap     ] GC(31) Survivor regions: 11->12(12)
[11.693s][info][gc,heap     ] GC(31) Old regions: 323->333
[11.693s][info][gc,heap     ] GC(31) Humongous regions: 2->2
[11.693s][info][gc,metaspace] GC(31) Metaspace: 8030K(8320K)->8030K(8320K) NonClass: 7187K(7360K)->7187K(7360K) Class: 842K(960K)->842K(960K)
[11.693s][info][gc          ] GC(31) Pause Young (Normal) (G1 Evacuation Pause) 3361M->2768M(15360M) 51.618ms
[11.693s][info][gc,cpu      ] GC(31) User=0.62s Sys=0.02s Real=0.05s
[11.868s][info][gc,start    ] GC(32) Pause Young (Normal) (G1 Evacuation Pause)
[11.868s][info][gc,task     ] GC(32) Using 13 workers of 13 for evacuation
[11.910s][info][gc,phases   ] GC(32)   Pre Evacuate Collection Set: 0.2ms
[11.910s][info][gc,phases   ] GC(32)   Merge Heap Roots: 0.5ms
[11.910s][info][gc,phases   ] GC(32)   Evacuate Collection Set: 40.5ms
[11.910s][info][gc,phases   ] GC(32)   Post Evacuate Collection Set: 0.4ms
[11.910s][info][gc,phases   ] GC(32)   Other: 0.1ms
[11.910s][info][gc,heap     ] GC(32) Eden regions: 84->0(137)
[11.910s][info][gc,heap     ] GC(32) Survivor regions: 12->6(12)
[11.910s][info][gc,heap     ] GC(32) Old regions: 333->345
[11.910s][info][gc,heap     ] GC(32) Humongous regions: 4->4
[11.910s][info][gc,metaspace] GC(32) Metaspace: 8030K(8320K)->8030K(8320K) NonClass: 7187K(7360K)->7187K(7360K) Class: 842K(960K)->842K(960K)
[11.910s][info][gc          ] GC(32) Pause Young (Normal) (G1 Evacuation Pause) 3456M->2838M(15360M) 41.812ms
[11.910s][info][gc,cpu      ] GC(32) User=0.41s Sys=0.00s Real=0.04s
[12.166s][info][gc,start    ] GC(33) Pause Young (Normal) (G1 Evacuation Pause)
[12.167s][info][gc,task     ] GC(33) Using 13 workers of 13 for evacuation
[12.204s][info][gc,phases   ] GC(33)   Pre Evacuate Collection Set: 0.2ms
[12.204s][info][gc,phases   ] GC(33)   Merge Heap Roots: 0.7ms
[12.204s][info][gc,phases   ] GC(33)   Evacuate Collection Set: 36.1ms
[12.204s][info][gc,phases   ] GC(33)   Post Evacuate Collection Set: 0.4ms
[12.204s][info][gc,phases   ] GC(33)   Other: 0.1ms
[12.204s][info][gc,heap     ] GC(33) Eden regions: 117->0(91)
[12.204s][info][gc,heap     ] GC(33) Survivor regions: 6->14(16)
[12.204s][info][gc,heap     ] GC(33) Old regions: 345->345
[12.204s][info][gc,heap     ] GC(33) Humongous regions: 6->6
[12.204s][info][gc,metaspace] GC(33) Metaspace: 8030K(8320K)->8030K(8320K) NonClass: 7188K(7360K)->7188K(7360K) Class: 842K(960K)->842K(960K)
[12.204s][info][gc          ] GC(33) Pause Young (Normal) (G1 Evacuation Pause) 3790M->2914M(15360M) 37.733ms
[12.204s][info][gc,cpu      ] GC(33) User=0.41s Sys=0.00s Real=0.04s
[12.524s][info][gc,start    ] GC(34) Pause Young (Normal) (G1 Evacuation Pause)
[12.524s][info][gc,task     ] GC(34) Using 13 workers of 13 for evacuation
[12.575s][info][gc,phases   ] GC(34)   Pre Evacuate Collection Set: 0.1ms
[12.575s][info][gc,phases   ] GC(34)   Merge Heap Roots: 0.4ms
[12.575s][info][gc,phases   ] GC(34)   Evacuate Collection Set: 49.3ms
[12.575s][info][gc,phases   ] GC(34)   Post Evacuate Collection Set: 0.6ms
[12.575s][info][gc,phases   ] GC(34)   Other: 0.1ms
[12.575s][info][gc,heap     ] GC(34) Eden regions: 150->0(115)
[12.575s][info][gc,heap     ] GC(34) Survivor regions: 14->18(21)
[12.575s][info][gc,heap     ] GC(34) Old regions: 345->350
[12.575s][info][gc,heap     ] GC(34) Humongous regions: 6->6
[12.575s][info][gc,metaspace] GC(34) Metaspace: 8036K(8320K)->8036K(8320K) NonClass: 7193K(7360K)->7193K(7360K) Class: 843K(960K)->843K(960K)
[12.575s][info][gc          ] GC(34) Pause Young (Normal) (G1 Evacuation Pause) 4114M->2987M(15360M) 50.634ms
[12.575s][info][gc,cpu      ] GC(34) User=0.59s Sys=0.02s Real=0.05s
[12.889s][info][gc,start    ] GC(35) Pause Young (Normal) (G1 Evacuation Pause)
[12.889s][info][gc,task     ] GC(35) Using 13 workers of 13 for evacuation
[12.943s][info][gc,phases   ] GC(35)   Pre Evacuate Collection Set: 0.2ms
[12.943s][info][gc,phases   ] GC(35)   Merge Heap Roots: 0.4ms
[12.943s][info][gc,phases   ] GC(35)   Evacuate Collection Set: 52.8ms
[12.943s][info][gc,phases   ] GC(35)   Post Evacuate Collection Set: 0.5ms
[12.943s][info][gc,phases   ] GC(35)   Other: 0.1ms
[12.943s][info][gc,heap     ] GC(35) Eden regions: 158->0(114)
[12.943s][info][gc,heap     ] GC(35) Survivor regions: 18->19(22)
[12.943s][info][gc,heap     ] GC(35) Old regions: 350->358
[12.943s][info][gc,heap     ] GC(35) Humongous regions: 6->6
[12.943s][info][gc,metaspace] GC(35) Metaspace: 8036K(8320K)->8036K(8320K) NonClass: 7193K(7360K)->7193K(7360K) Class: 843K(960K)->843K(960K)
[12.943s][info][gc          ] GC(35) Pause Young (Normal) (G1 Evacuation Pause) 4251M->3060M(15360M) 54.092ms
[12.943s][info][gc,cpu      ] GC(35) User=0.59s Sys=0.02s Real=0.06s
[13.156s][info][gc,start    ] GC(36) Pause Young (Normal) (G1 Evacuation Pause)
[13.156s][info][gc,task     ] GC(36) Using 13 workers of 13 for evacuation
[13.214s][info][gc,phases   ] GC(36)   Pre Evacuate Collection Set: 0.2ms
[13.214s][info][gc,phases   ] GC(36)   Merge Heap Roots: 0.8ms
[13.214s][info][gc,phases   ] GC(36)   Evacuate Collection Set: 56.1ms
[13.214s][info][gc,phases   ] GC(36)   Post Evacuate Collection Set: 0.4ms
[13.214s][info][gc,phases   ] GC(36)   Other: 0.1ms
[13.214s][info][gc,heap     ] GC(36) Eden regions: 105->0(208)
[13.214s][info][gc,heap     ] GC(36) Survivor regions: 19->11(16)
[13.214s][info][gc,heap     ] GC(36) Old regions: 358->376
[13.214s][info][gc,heap     ] GC(36) Humongous regions: 9->9
[13.214s][info][gc,metaspace] GC(36) Metaspace: 8036K(8320K)->8036K(8320K) NonClass: 7193K(7360K)->7193K(7360K) Class: 843K(960K)->843K(960K)
[13.214s][info][gc          ] GC(36) Pause Young (Normal) (G1 Evacuation Pause) 3924M->3163M(15360M) 57.742ms
[13.214s][info][gc,cpu      ] GC(36) User=0.77s Sys=0.02s Real=0.06s
[13.610s][info][gc,start    ] GC(37) Pause Young (Normal) (G1 Evacuation Pause)
[13.610s][info][gc,task     ] GC(37) Using 13 workers of 13 for evacuation
[13.679s][info][gc,phases   ] GC(37)   Pre Evacuate Collection Set: 0.1ms
[13.679s][info][gc,phases   ] GC(37)   Merge Heap Roots: 1.0ms
[13.679s][info][gc,phases   ] GC(37)   Evacuate Collection Set: 66.9ms
[13.679s][info][gc,phases   ] GC(37)   Post Evacuate Collection Set: 0.6ms
[13.679s][info][gc,phases   ] GC(37)   Other: 0.1ms
[13.679s][info][gc,heap     ] GC(37) Eden regions: 171->0(86)
[13.679s][info][gc,heap     ] GC(37) Survivor regions: 11->23(23)
[13.679s][info][gc,heap     ] GC(37) Old regions: 376->381
[13.679s][info][gc,heap     ] GC(37) Humongous regions: 15->15
[13.679s][info][gc,metaspace] GC(37) Metaspace: 8051K(8320K)->8051K(8320K) NonClass: 7208K(7360K)->7208K(7360K) Class: 843K(960K)->843K(960K)
[13.679s][info][gc          ] GC(37) Pause Young (Normal) (G1 Evacuation Pause) 4579M->3350M(15360M) 69.005ms
[13.679s][info][gc,cpu      ] GC(37) User=0.95s Sys=0.00s Real=0.07s
[13.909s][info][gc,start    ] GC(38) Pause Young (Normal) (G1 Evacuation Pause)
[13.909s][info][gc,task     ] GC(38) Using 13 workers of 13 for evacuation
[13.984s][info][gc,phases   ] GC(38)   Pre Evacuate Collection Set: 0.2ms
[13.984s][info][gc,phases   ] GC(38)   Merge Heap Roots: 1.1ms
[13.984s][info][gc,phases   ] GC(38)   Evacuate Collection Set: 73.2ms
[13.984s][info][gc,phases   ] GC(38)   Post Evacuate Collection Set: 0.5ms
[13.984s][info][gc,phases   ] GC(38)   Other: 0.1ms
[13.984s][info][gc,heap     ] GC(38) Eden regions: 87->0(128)
[13.984s][info][gc,heap     ] GC(38) Survivor regions: 23->13(14)
[13.984s][info][gc,heap     ] GC(38) Old regions: 381->405
[13.984s][info][gc,heap     ] GC(38) Humongous regions: 19->19
[13.984s][info][gc,metaspace] GC(38) Metaspace: 8054K(8320K)->8054K(8320K) NonClass: 7211K(7360K)->7211K(7360K) Class: 843K(960K)->843K(960K)
[13.984s][info][gc          ] GC(38) Pause Young (Normal) (G1 Evacuation Pause) 4078M->3489M(15360M) 75.226ms
[13.984s][info][gc,cpu      ] GC(38) User=0.92s Sys=0.08s Real=0.08s
[15.446s][info][gc,start    ] GC(39) Pause Young (Normal) (G1 Evacuation Pause)
[15.446s][info][gc,task     ] GC(39) Using 13 workers of 13 for evacuation
[15.581s][info][gc,mmu      ] GC(39) MMU target violated: 81.0ms (80.0ms/81.0ms)
[15.581s][info][gc,phases   ] GC(39)   Pre Evacuate Collection Set: 0.2ms
[15.581s][info][gc,phases   ] GC(39)   Merge Heap Roots: 1.5ms
[15.581s][info][gc,phases   ] GC(39)   Evacuate Collection Set: 132.2ms
[15.581s][info][gc,phases   ] GC(39)   Post Evacuate Collection Set: 0.5ms
[15.581s][info][gc,phases   ] GC(39)   Other: 0.1ms
[15.581s][info][gc,heap     ] GC(39) Eden regions: 106->0(81)
[15.581s][info][gc,heap     ] GC(39) Survivor regions: 13->15(15)
[15.581s][info][gc,heap     ] GC(39) Old regions: 405->434
[15.581s][info][gc,heap     ] GC(39) Humongous regions: 41->41
[15.581s][info][gc,metaspace] GC(39) Metaspace: 8132K(8384K)->8132K(8384K) NonClass: 7282K(7424K)->7282K(7424K) Class: 850K(960K)->850K(960K)
[15.581s][info][gc          ] GC(39) Pause Young (Normal) (G1 Evacuation Pause) 4513M->3914M(15360M) 134.701ms
[15.581s][info][gc,cpu      ] GC(39) User=1.55s Sys=0.05s Real=0.13s
[16.437s][info][gc,heap,exit] Heap
[16.437s][info][gc,heap,exit]  garbage-first heap   total 15728640K, used 4279262K [0x0000000440000000, 0x0000000800000000)
[16.437s][info][gc,heap,exit]   region size 8192K, 37 young (303104K), 15 survivors (122880K)
[16.437s][info][gc,heap,exit]  Metaspace       used 8162K, committed 8384K, reserved 1114112K
[16.437s][info][gc,heap,exit]   class space    used 853K, committed 960K, reserved 1048576K
